{"/Users/phil.booth/Code/boomcatch/src/forwarders/http.js":{"path":"/Users/phil.booth/Code/boomcatch/src/forwarders/http.js","s":{"1":55,"2":55,"3":52,"4":1,"5":51,"6":1,"7":49,"8":15,"9":34,"10":1,"11":38,"12":38,"13":11,"14":38,"15":37,"16":26,"17":26,"18":37,"19":37,"20":20,"21":6,"22":20,"23":20,"24":37},"b":{"1":[15,34],"2":[11,27],"3":[26,11],"4":[6,14]},"f":{"1":52,"2":51,"3":49,"4":38,"5":20},"fnMap":{"1":{"name":"(anonymous_1)","line":26,"loc":{"start":{"line":26,"column":21},"end":{"line":26,"column":40}}},"2":{"name":"getProtocol","line":30,"loc":{"start":{"line":30,"column":0},"end":{"line":30,"column":27}}},"3":{"name":"normaliseMethod","line":34,"loc":{"start":{"line":34,"column":0},"end":{"line":34,"column":34}}},"4":{"name":"send","line":42,"loc":{"start":{"line":42,"column":0},"end":{"line":42,"column":54}}},"5":{"name":"(anonymous_5)","line":58,"loc":{"start":{"line":58,"column":36},"end":{"line":58,"column":56}}}},"statementMap":{"1":{"start":{"line":22,"column":0},"end":{"line":24,"column":35}},"2":{"start":{"line":26,"column":0},"end":{"line":28,"column":2}},"3":{"start":{"line":27,"column":4},"end":{"line":27,"column":119}},"4":{"start":{"line":30,"column":0},"end":{"line":32,"column":1}},"5":{"start":{"line":31,"column":4},"end":{"line":31,"column":52}},"6":{"start":{"line":34,"column":0},"end":{"line":40,"column":1}},"7":{"start":{"line":35,"column":4},"end":{"line":37,"column":5}},"8":{"start":{"line":36,"column":8},"end":{"line":36,"column":22}},"9":{"start":{"line":39,"column":4},"end":{"line":39,"column":17}},"10":{"start":{"line":42,"column":0},"end":{"line":69,"column":1}},"11":{"start":{"line":43,"column":4},"end":{"line":43,"column":24}},"12":{"start":{"line":45,"column":4},"end":{"line":47,"column":5}},"13":{"start":{"line":46,"column":8},"end":{"line":46,"column":43}},"14":{"start":{"line":49,"column":4},"end":{"line":49,"column":25}},"15":{"start":{"line":51,"column":4},"end":{"line":54,"column":5}},"16":{"start":{"line":52,"column":8},"end":{"line":52,"column":31}},"17":{"start":{"line":53,"column":8},"end":{"line":53,"column":20}},"18":{"start":{"line":56,"column":4},"end":{"line":56,"column":24}},"19":{"start":{"line":58,"column":4},"end":{"line":66,"column":7}},"20":{"start":{"line":59,"column":8},"end":{"line":61,"column":9}},"21":{"start":{"line":60,"column":12},"end":{"line":60,"column":32}},"22":{"start":{"line":63,"column":8},"end":{"line":63,"column":22}},"23":{"start":{"line":65,"column":8},"end":{"line":65,"column":64}},"24":{"start":{"line":68,"column":4},"end":{"line":68,"column":34}}},"branchMap":{"1":{"line":35,"type":"if","locations":[{"start":{"line":35,"column":4},"end":{"line":35,"column":4}},{"start":{"line":35,"column":4},"end":{"line":35,"column":4}}]},"2":{"line":45,"type":"if","locations":[{"start":{"line":45,"column":4},"end":{"line":45,"column":4}},{"start":{"line":45,"column":4},"end":{"line":45,"column":4}}]},"3":{"line":51,"type":"if","locations":[{"start":{"line":51,"column":4},"end":{"line":51,"column":4}},{"start":{"line":51,"column":4},"end":{"line":51,"column":4}}]},"4":{"line":59,"type":"if","locations":[{"start":{"line":59,"column":8},"end":{"line":59,"column":8}},{"start":{"line":59,"column":8},"end":{"line":59,"column":8}}]}}},"/Users/phil.booth/Code/boomcatch/src/forwarders/udp.js":{"path":"/Users/phil.booth/Code/boomcatch/src/forwarders/udp.js","s":{"1":38,"2":38,"3":35,"4":1,"5":34,"6":1,"7":102,"8":39,"9":63,"10":1,"11":34,"12":1,"13":34,"14":1,"15":92,"16":92,"17":10,"18":65,"19":81,"20":81,"21":81,"22":4,"23":4,"24":1,"25":65,"26":65,"27":10,"28":10,"29":55,"30":25,"31":40,"32":15,"33":40,"34":1,"35":55,"36":55},"b":{"1":[39,63],"2":[10,81],"3":[92,92],"4":[10,5],"5":[10,55],"6":[25,30],"7":[15,25]},"f":{"1":35,"2":34,"3":102,"4":34,"5":34,"6":92,"7":65,"8":4,"9":65,"10":55},"fnMap":{"1":{"name":"(anonymous_1)","line":25,"loc":{"start":{"line":25,"column":21},"end":{"line":25,"column":40}}},"2":{"name":"normaliseHost","line":29,"loc":{"start":{"line":29,"column":0},"end":{"line":29,"column":30}}},"3":{"name":"normaliseValue","line":33,"loc":{"start":{"line":33,"column":0},"end":{"line":33,"column":52}}},"4":{"name":"normalisePort","line":41,"loc":{"start":{"line":41,"column":0},"end":{"line":41,"column":30}}},"5":{"name":"normaliseSize","line":45,"loc":{"start":{"line":45,"column":0},"end":{"line":45,"column":30}}},"6":{"name":"send","line":49,"loc":{"start":{"line":49,"column":0},"end":{"line":49,"column":60}}},"7":{"name":"(anonymous_7)","line":53,"loc":{"start":{"line":53,"column":66},"end":{"line":53,"column":83}}},"8":{"name":"(anonymous_8)","line":61,"loc":{"start":{"line":61,"column":54},"end":{"line":61,"column":82}}},"9":{"name":"chunkData","line":68,"loc":{"start":{"line":68,"column":0},"end":{"line":68,"column":51}}},"10":{"name":"chunkDataAtIndex","line":87,"loc":{"start":{"line":87,"column":0},"end":{"line":87,"column":69}}}},"statementMap":{"1":{"start":{"line":22,"column":0},"end":{"line":23,"column":27}},"2":{"start":{"line":25,"column":0},"end":{"line":27,"column":2}},"3":{"start":{"line":26,"column":4},"end":{"line":26,"column":123}},"4":{"start":{"line":29,"column":0},"end":{"line":31,"column":1}},"5":{"start":{"line":30,"column":4},"end":{"line":30,"column":62}},"6":{"start":{"line":33,"column":0},"end":{"line":39,"column":1}},"7":{"start":{"line":34,"column":4},"end":{"line":36,"column":5}},"8":{"start":{"line":35,"column":8},"end":{"line":35,"column":21}},"9":{"start":{"line":38,"column":4},"end":{"line":38,"column":24}},"10":{"start":{"line":41,"column":0},"end":{"line":43,"column":1}},"11":{"start":{"line":42,"column":4},"end":{"line":42,"column":56}},"12":{"start":{"line":45,"column":0},"end":{"line":47,"column":1}},"13":{"start":{"line":46,"column":4},"end":{"line":46,"column":55}},"14":{"start":{"line":49,"column":0},"end":{"line":66,"column":1}},"15":{"start":{"line":50,"column":4},"end":{"line":50,"column":23}},"16":{"start":{"line":52,"column":4},"end":{"line":56,"column":5}},"17":{"start":{"line":53,"column":8},"end":{"line":55,"column":11}},"18":{"start":{"line":54,"column":12},"end":{"line":54,"column":63}},"19":{"start":{"line":58,"column":4},"end":{"line":58,"column":38}},"20":{"start":{"line":59,"column":4},"end":{"line":59,"column":30}},"21":{"start":{"line":61,"column":4},"end":{"line":65,"column":7}},"22":{"start":{"line":62,"column":8},"end":{"line":62,"column":23}},"23":{"start":{"line":64,"column":8},"end":{"line":64,"column":35}},"24":{"start":{"line":68,"column":0},"end":{"line":85,"column":1}},"25":{"start":{"line":69,"column":4},"end":{"line":69,"column":10}},"26":{"start":{"line":71,"column":4},"end":{"line":74,"column":5}},"27":{"start":{"line":72,"column":8},"end":{"line":72,"column":26}},"28":{"start":{"line":73,"column":8},"end":{"line":73,"column":22}},"29":{"start":{"line":76,"column":4},"end":{"line":82,"column":5}},"30":{"start":{"line":77,"column":8},"end":{"line":81,"column":9}},"31":{"start":{"line":78,"column":12},"end":{"line":80,"column":13}},"32":{"start":{"line":79,"column":16},"end":{"line":79,"column":92}},"33":{"start":{"line":84,"column":4},"end":{"line":84,"column":68}},"34":{"start":{"line":87,"column":0},"end":{"line":90,"column":1}},"35":{"start":{"line":88,"column":4},"end":{"line":88,"column":42}},"36":{"start":{"line":89,"column":4},"end":{"line":89,"column":75}}},"branchMap":{"1":{"line":34,"type":"if","locations":[{"start":{"line":34,"column":4},"end":{"line":34,"column":4}},{"start":{"line":34,"column":4},"end":{"line":34,"column":4}}]},"2":{"line":52,"type":"if","locations":[{"start":{"line":52,"column":4},"end":{"line":52,"column":4}},{"start":{"line":52,"column":4},"end":{"line":52,"column":4}}]},"3":{"line":52,"type":"binary-expr","locations":[{"start":{"line":52,"column":8},"end":{"line":52,"column":16}},{"start":{"line":52,"column":20},"end":{"line":52,"column":38}}]},"4":{"line":53,"type":"binary-expr","locations":[{"start":{"line":53,"column":37},"end":{"line":53,"column":46}},{"start":{"line":53,"column":50},"end":{"line":53,"column":52}}]},"5":{"line":71,"type":"if","locations":[{"start":{"line":71,"column":4},"end":{"line":71,"column":4}},{"start":{"line":71,"column":4},"end":{"line":71,"column":4}}]},"6":{"line":76,"type":"if","locations":[{"start":{"line":76,"column":4},"end":{"line":76,"column":4}},{"start":{"line":76,"column":4},"end":{"line":76,"column":4}}]},"7":{"line":78,"type":"if","locations":[{"start":{"line":78,"column":12},"end":{"line":78,"column":12}},{"start":{"line":78,"column":12},"end":{"line":78,"column":12}}]}}},"/Users/phil.booth/Code/boomcatch/src/index.js":{"path":"/Users/phil.booth/Code/boomcatch/src/index.js","s":{"1":226,"2":226,"3":223,"4":223,"5":100,"6":123,"7":208,"8":208,"9":208,"10":208,"11":208,"12":208,"13":208,"14":208,"15":208,"16":1,"17":100,"18":99,"19":98,"20":97,"21":96,"22":95,"23":94,"24":93,"25":92,"26":85,"27":85,"28":1,"29":93,"30":9,"31":9,"32":84,"33":73,"34":146,"35":11,"36":0,"37":1,"38":92,"39":86,"40":75,"41":74,"42":1,"43":85,"44":85,"45":1,"46":85,"47":85,"48":0,"49":0,"50":0,"51":85,"52":85,"53":85,"54":1,"55":208,"56":1,"57":2288,"58":1,"59":208,"60":1,"61":208,"62":1,"63":208,"64":1,"65":208,"66":1,"67":208,"68":1,"69":208,"70":208,"71":134,"72":74,"73":1,"74":208,"75":1,"76":208,"77":1,"78":624,"79":624,"80":624,"81":624,"82":0,"83":624,"84":624,"85":208,"86":208,"87":624,"88":1,"89":208,"90":1,"91":208,"92":1,"93":239,"94":239,"95":239,"96":239,"97":5,"98":234,"99":234,"100":8,"101":226,"102":6,"103":220,"104":6,"105":214,"106":214,"107":21,"108":193,"109":193,"110":193,"111":1,"112":239,"113":1,"114":239,"115":114,"116":18,"117":96,"118":125,"119":1,"120":18,"121":36,"122":1,"123":85,"124":85,"125":85,"126":85,"127":85,"128":1,"129":234,"130":234,"131":1,"132":65,"133":6,"134":59,"135":53,"136":6,"137":1,"138":214,"139":214,"140":42,"141":42,"142":42,"143":42,"144":172,"145":1,"146":214,"147":214,"148":106,"149":108,"150":108,"151":108,"152":21,"153":87,"154":87,"155":1,"156":51,"157":13,"158":13,"159":38,"160":1,"161":82,"162":82,"163":82,"164":2,"165":80,"166":51,"167":51,"168":29,"169":29,"170":29,"171":29,"172":29,"173":12,"174":17,"175":73,"176":6,"177":67,"178":67,"179":7,"180":60,"181":60,"182":15,"183":6,"184":9,"185":20,"186":1,"187":67,"188":1,"189":67,"190":67,"191":67,"192":67,"193":67,"194":67,"195":36,"196":1,"197":134,"198":46,"199":1,"200":67,"201":23,"202":1,"203":67,"204":67,"205":5,"206":67,"207":226,"208":1,"209":87,"210":87,"211":1,"212":87,"213":195,"214":195,"215":130,"216":195,"217":195,"218":140,"219":130,"220":140,"221":1,"222":32,"223":176,"224":176,"225":129,"226":129,"227":176,"228":176,"229":169,"230":169,"231":129,"232":169,"233":1,"234":25,"235":25,"236":0,"237":0,"238":0,"239":0,"240":0,"241":0,"242":0,"243":0,"244":0,"245":1,"246":67,"247":10,"248":20,"249":20,"250":20,"251":20,"252":20,"253":1,"254":9,"255":9,"256":9},"b":{"1":[100,123],"2":[9,84],"3":[9,0],"4":[9,9],"5":[73,11],"6":[0,11],"7":[75,11],"8":[0,85],"9":[2288,1464],"10":[134,74],"11":[208,416],"12":[5,234],"13":[239,64],"14":[8,226],"15":[6,220],"16":[226,217],"17":[6,214],"18":[220,59],"19":[21,193],"20":[239,22],"21":[239,197],"22":[114,125],"23":[18,96],"24":[114,18],"25":[36,36],"26":[59,175],"27":[6,59],"28":[53,6],"29":[59,24],"30":[42,172],"31":[42,0],"32":[106,108],"33":[21,87],"34":[108,21],"35":[13,38],"36":[51,8,43,43,12],"37":[2,80],"38":[51,29],"39":[29,0],"40":[12,17],"41":[6,67],"42":[7,60],"43":[6,9],"44":[36,31],"45":[67,67,67,67,43],"46":[46,88],"47":[23,44],"48":[67,23],"49":[5,62],"50":[130,65],"51":[52,143],"52":[130,10],"53":[129,47],"54":[176,136],"55":[80,96],"56":[129,40],"57":[169,129],"58":[0,0],"59":[0,0],"60":[0,0],"61":[10,57],"62":[20,0]},"f":{"1":322,"2":47,"3":223,"4":100,"5":93,"6":146,"7":92,"8":85,"9":85,"10":208,"11":2288,"12":208,"13":208,"14":208,"15":208,"16":208,"17":208,"18":208,"19":208,"20":624,"21":208,"22":208,"23":208,"24":239,"25":239,"26":239,"27":18,"28":36,"29":85,"30":234,"31":65,"32":214,"33":42,"34":214,"35":51,"36":82,"37":15,"38":67,"39":67,"40":134,"41":67,"42":67,"43":87,"44":87,"45":195,"46":32,"47":176,"48":25,"49":0,"50":67,"51":20,"52":9},"fnMap":{"1":{"name":"(anonymous_1)","line":36,"loc":{"start":{"line":36,"column":14},"end":{"line":36,"column":26}}},"2":{"name":"(anonymous_2)","line":37,"loc":{"start":{"line":37,"column":15},"end":{"line":37,"column":27}}},"3":{"name":"(anonymous_3)","line":74,"loc":{"start":{"line":74,"column":17},"end":{"line":74,"column":36}}},"4":{"name":"verifyOptions","line":109,"loc":{"start":{"line":109,"column":0},"end":{"line":109,"column":33}}},"5":{"name":"verifyOrigin","line":125,"loc":{"start":{"line":125,"column":0},"end":{"line":125,"column":31}}},"6":{"name":"(anonymous_6)","line":131,"loc":{"start":{"line":131,"column":23},"end":{"line":131,"column":36}}},"7":{"name":"verifyLog","line":139,"loc":{"start":{"line":139,"column":0},"end":{"line":139,"column":25}}},"8":{"name":"verifyMapperOptions","line":148,"loc":{"start":{"line":148,"column":0},"end":{"line":148,"column":39}}},"9":{"name":"verifyForwarderOptions","line":153,"loc":{"start":{"line":153,"column":0},"end":{"line":153,"column":42}}},"10":{"name":"getLog","line":168,"loc":{"start":{"line":168,"column":0},"end":{"line":168,"column":26}}},"11":{"name":"getOption","line":172,"loc":{"start":{"line":172,"column":0},"end":{"line":172,"column":35}}},"12":{"name":"getHost","line":176,"loc":{"start":{"line":176,"column":0},"end":{"line":176,"column":27}}},"13":{"name":"getPort","line":180,"loc":{"start":{"line":180,"column":0},"end":{"line":180,"column":27}}},"14":{"name":"getPath","line":184,"loc":{"start":{"line":184,"column":0},"end":{"line":184,"column":27}}},"15":{"name":"getReferer","line":188,"loc":{"start":{"line":188,"column":0},"end":{"line":188,"column":30}}},"16":{"name":"getOrigin","line":192,"loc":{"start":{"line":192,"column":0},"end":{"line":192,"column":29}}},"17":{"name":"getLimit","line":196,"loc":{"start":{"line":196,"column":0},"end":{"line":196,"column":28}}},"18":{"name":"getMaxSize","line":209,"loc":{"start":{"line":209,"column":0},"end":{"line":209,"column":30}}},"19":{"name":"getValidator","line":213,"loc":{"start":{"line":213,"column":0},"end":{"line":213,"column":32}}},"20":{"name":"getExtension","line":217,"loc":{"start":{"line":217,"column":0},"end":{"line":217,"column":50}}},"21":{"name":"(anonymous_21)","line":231,"loc":{"start":{"line":231,"column":27},"end":{"line":231,"column":47}}},"22":{"name":"getMapper","line":239,"loc":{"start":{"line":239,"column":0},"end":{"line":239,"column":29}}},"23":{"name":"getForwarder","line":243,"loc":{"start":{"line":243,"column":0},"end":{"line":243,"column":32}}},"24":{"name":"handleRequest","line":247,"loc":{"start":{"line":247,"column":0},"end":{"line":247,"column":117}}},"25":{"name":"logRequest","line":286,"loc":{"start":{"line":286,"column":0},"end":{"line":286,"column":35}}},"26":{"name":"getAccessControlOrigin","line":295,"loc":{"start":{"line":295,"column":0},"end":{"line":295,"column":50}}},"27":{"name":"contains","line":307,"loc":{"start":{"line":307,"column":0},"end":{"line":307,"column":33}}},"28":{"name":"(anonymous_28)","line":308,"loc":{"start":{"line":308,"column":24},"end":{"line":308,"column":52}}},"29":{"name":"fail","line":313,"loc":{"start":{"line":313,"column":0},"end":{"line":313,"column":56}}},"30":{"name":"getRequestPath","line":322,"loc":{"start":{"line":322,"column":0},"end":{"line":322,"column":34}}},"31":{"name":"isValidContentType","line":328,"loc":{"start":{"line":328,"column":0},"end":{"line":328,"column":42}}},"32":{"name":"getRemoteAddress","line":340,"loc":{"start":{"line":340,"column":0},"end":{"line":340,"column":36}}},"33":{"name":"(anonymous_33)","line":344,"loc":{"start":{"line":344,"column":60},"end":{"line":344,"column":79}}},"34":{"name":"checkLimit","line":356,"loc":{"start":{"line":356,"column":0},"end":{"line":356,"column":43}}},"35":{"name":"receive","line":375,"loc":{"start":{"line":375,"column":0},"end":{"line":375,"column":64}}},"36":{"name":"send","line":387,"loc":{"start":{"line":387,"column":0},"end":{"line":387,"column":91}}},"37":{"name":"(anonymous_37)","line":425,"loc":{"start":{"line":425,"column":48},"end":{"line":425,"column":76}}},"38":{"name":"normaliseData","line":437,"loc":{"start":{"line":437,"column":0},"end":{"line":437,"column":30}}},"39":{"name":"normaliseRtData","line":446,"loc":{"start":{"line":446,"column":0},"end":{"line":446,"column":32}}},"40":{"name":"getOptionalDatum","line":478,"loc":{"start":{"line":478,"column":0},"end":{"line":478,"column":38}}},"41":{"name":"getOptionalSum","line":484,"loc":{"start":{"line":484,"column":0},"end":{"line":484,"column":43}}},"42":{"name":"normaliseNavtimingData","line":490,"loc":{"start":{"line":490,"column":0},"end":{"line":490,"column":39}}},"43":{"name":"normaliseCategory","line":539,"loc":{"start":{"line":539,"column":0},"end":{"line":539,"column":49}}},"44":{"name":"normaliseTimestamps","line":550,"loc":{"start":{"line":550,"column":0},"end":{"line":550,"column":41}}},"45":{"name":"(anonymous_45)","line":551,"loc":{"start":{"line":551,"column":33},"end":{"line":551,"column":62}}},"46":{"name":"normaliseEvents","line":569,"loc":{"start":{"line":569,"column":0},"end":{"line":569,"column":37}}},"47":{"name":"(anonymous_47)","line":570,"loc":{"start":{"line":570,"column":29},"end":{"line":570,"column":54}}},"48":{"name":"normaliseDurations","line":593,"loc":{"start":{"line":593,"column":0},"end":{"line":593,"column":50}}},"49":{"name":"(anonymous_49)","line":596,"loc":{"start":{"line":596,"column":32},"end":{"line":596,"column":60}}},"50":{"name":"normaliseRestimingData","line":615,"loc":{"start":{"line":615,"column":0},"end":{"line":615,"column":39}}},"51":{"name":"(anonymous_51)","line":618,"loc":{"start":{"line":618,"column":34},"end":{"line":618,"column":51}}},"52":{"name":"pass","line":631,"loc":{"start":{"line":631,"column":0},"end":{"line":631,"column":45}}}},"statementMap":{"1":{"start":{"line":22,"column":0},"end":{"line":44,"column":18}},"2":{"start":{"line":74,"column":0},"end":{"line":107,"column":2}},"3":{"start":{"line":75,"column":4},"end":{"line":75,"column":60}},"4":{"start":{"line":77,"column":4},"end":{"line":81,"column":5}},"5":{"start":{"line":78,"column":8},"end":{"line":78,"column":31}},"6":{"start":{"line":80,"column":8},"end":{"line":80,"column":21}},"7":{"start":{"line":83,"column":4},"end":{"line":83,"column":26}},"8":{"start":{"line":84,"column":4},"end":{"line":84,"column":28}},"9":{"start":{"line":85,"column":4},"end":{"line":85,"column":28}},"10":{"start":{"line":86,"column":4},"end":{"line":86,"column":28}},"11":{"start":{"line":87,"column":4},"end":{"line":87,"column":38}},"12":{"start":{"line":88,"column":4},"end":{"line":88,"column":32}},"13":{"start":{"line":89,"column":4},"end":{"line":89,"column":38}},"14":{"start":{"line":91,"column":4},"end":{"line":91,"column":58}},"15":{"start":{"line":93,"column":4},"end":{"line":106,"column":25}},"16":{"start":{"line":109,"column":0},"end":{"line":123,"column":1}},"17":{"start":{"line":110,"column":4},"end":{"line":110,"column":67}},"18":{"start":{"line":111,"column":4},"end":{"line":111,"column":68}},"19":{"start":{"line":112,"column":4},"end":{"line":112,"column":67}},"20":{"start":{"line":113,"column":4},"end":{"line":113,"column":76}},"21":{"start":{"line":114,"column":4},"end":{"line":114,"column":70}},"22":{"start":{"line":115,"column":4},"end":{"line":115,"column":75}},"23":{"start":{"line":116,"column":4},"end":{"line":116,"column":77}},"24":{"start":{"line":118,"column":4},"end":{"line":118,"column":33}},"25":{"start":{"line":119,"column":4},"end":{"line":119,"column":27}},"26":{"start":{"line":121,"column":4},"end":{"line":121,"column":33}},"27":{"start":{"line":122,"column":4},"end":{"line":122,"column":36}},"28":{"start":{"line":125,"column":0},"end":{"line":137,"column":1}},"29":{"start":{"line":126,"column":4},"end":{"line":136,"column":5}},"30":{"start":{"line":127,"column":8},"end":{"line":129,"column":9}},"31":{"start":{"line":128,"column":12},"end":{"line":128,"column":73}},"32":{"start":{"line":130,"column":11},"end":{"line":136,"column":5}},"33":{"start":{"line":131,"column":8},"end":{"line":133,"column":11}},"34":{"start":{"line":132,"column":12},"end":{"line":132,"column":68}},"35":{"start":{"line":134,"column":11},"end":{"line":136,"column":5}},"36":{"start":{"line":135,"column":8},"end":{"line":135,"column":57}},"37":{"start":{"line":139,"column":0},"end":{"line":146,"column":1}},"38":{"start":{"line":140,"column":4},"end":{"line":140,"column":57}},"39":{"start":{"line":142,"column":4},"end":{"line":145,"column":5}},"40":{"start":{"line":143,"column":8},"end":{"line":143,"column":63}},"41":{"start":{"line":144,"column":8},"end":{"line":144,"column":65}},"42":{"start":{"line":148,"column":0},"end":{"line":151,"column":1}},"43":{"start":{"line":149,"column":4},"end":{"line":149,"column":76}},"44":{"start":{"line":150,"column":4},"end":{"line":150,"column":78}},"45":{"start":{"line":153,"column":0},"end":{"line":166,"column":1}},"46":{"start":{"line":154,"column":4},"end":{"line":154,"column":77}},"47":{"start":{"line":156,"column":4},"end":{"line":165,"column":5}},"48":{"start":{"line":158,"column":12},"end":{"line":158,"column":74}},"49":{"start":{"line":159,"column":12},"end":{"line":159,"column":93}},"50":{"start":{"line":160,"column":12},"end":{"line":160,"column":18}},"51":{"start":{"line":162,"column":12},"end":{"line":162,"column":89}},"52":{"start":{"line":163,"column":12},"end":{"line":163,"column":90}},"53":{"start":{"line":164,"column":12},"end":{"line":164,"column":97}},"54":{"start":{"line":168,"column":0},"end":{"line":170,"column":1}},"55":{"start":{"line":169,"column":4},"end":{"line":169,"column":37}},"56":{"start":{"line":172,"column":0},"end":{"line":174,"column":1}},"57":{"start":{"line":173,"column":4},"end":{"line":173,"column":43}},"58":{"start":{"line":176,"column":0},"end":{"line":178,"column":1}},"59":{"start":{"line":177,"column":4},"end":{"line":177,"column":38}},"60":{"start":{"line":180,"column":0},"end":{"line":182,"column":1}},"61":{"start":{"line":181,"column":4},"end":{"line":181,"column":38}},"62":{"start":{"line":184,"column":0},"end":{"line":186,"column":1}},"63":{"start":{"line":185,"column":4},"end":{"line":185,"column":38}},"64":{"start":{"line":188,"column":0},"end":{"line":190,"column":1}},"65":{"start":{"line":189,"column":4},"end":{"line":189,"column":41}},"66":{"start":{"line":192,"column":0},"end":{"line":194,"column":1}},"67":{"start":{"line":193,"column":4},"end":{"line":193,"column":40}},"68":{"start":{"line":196,"column":0},"end":{"line":207,"column":1}},"69":{"start":{"line":197,"column":4},"end":{"line":197,"column":44}},"70":{"start":{"line":199,"column":4},"end":{"line":201,"column":5}},"71":{"start":{"line":200,"column":8},"end":{"line":200,"column":20}},"72":{"start":{"line":203,"column":4},"end":{"line":206,"column":6}},"73":{"start":{"line":209,"column":0},"end":{"line":211,"column":1}},"74":{"start":{"line":210,"column":4},"end":{"line":210,"column":41}},"75":{"start":{"line":213,"column":0},"end":{"line":215,"column":1}},"76":{"start":{"line":214,"column":4},"end":{"line":214,"column":46}},"77":{"start":{"line":217,"column":0},"end":{"line":237,"column":1}},"78":{"start":{"line":218,"column":4},"end":{"line":218,"column":32}},"79":{"start":{"line":220,"column":4},"end":{"line":220,"column":36}},"80":{"start":{"line":222,"column":4},"end":{"line":226,"column":5}},"81":{"start":{"line":223,"column":8},"end":{"line":223,"column":55}},"82":{"start":{"line":225,"column":8},"end":{"line":225,"column":34}},"83":{"start":{"line":228,"column":4},"end":{"line":228,"column":43}},"84":{"start":{"line":230,"column":4},"end":{"line":234,"column":5}},"85":{"start":{"line":231,"column":8},"end":{"line":233,"column":11}},"86":{"start":{"line":232,"column":12},"end":{"line":232,"column":51}},"87":{"start":{"line":236,"column":4},"end":{"line":236,"column":18}},"88":{"start":{"line":239,"column":0},"end":{"line":241,"column":1}},"89":{"start":{"line":240,"column":4},"end":{"line":240,"column":58}},"90":{"start":{"line":243,"column":0},"end":{"line":245,"column":1}},"91":{"start":{"line":244,"column":4},"end":{"line":244,"column":46}},"92":{"start":{"line":247,"column":0},"end":{"line":284,"column":1}},"93":{"start":{"line":248,"column":4},"end":{"line":248,"column":42}},"94":{"start":{"line":250,"column":4},"end":{"line":250,"column":29}},"95":{"start":{"line":252,"column":4},"end":{"line":252,"column":103}},"96":{"start":{"line":254,"column":4},"end":{"line":256,"column":5}},"97":{"start":{"line":255,"column":8},"end":{"line":255,"column":92}},"98":{"start":{"line":258,"column":4},"end":{"line":258,"column":42}},"99":{"start":{"line":260,"column":4},"end":{"line":262,"column":5}},"100":{"start":{"line":261,"column":8},"end":{"line":261,"column":87}},"101":{"start":{"line":264,"column":4},"end":{"line":266,"column":5}},"102":{"start":{"line":265,"column":8},"end":{"line":265,"column":102}},"103":{"start":{"line":268,"column":4},"end":{"line":270,"column":5}},"104":{"start":{"line":269,"column":8},"end":{"line":269,"column":115}},"105":{"start":{"line":272,"column":4},"end":{"line":272,"column":46}},"106":{"start":{"line":274,"column":4},"end":{"line":276,"column":5}},"107":{"start":{"line":275,"column":8},"end":{"line":275,"column":87}},"108":{"start":{"line":278,"column":4},"end":{"line":280,"column":6}},"109":{"start":{"line":282,"column":4},"end":{"line":282,"column":83}},"110":{"start":{"line":283,"column":4},"end":{"line":283,"column":115}},"111":{"start":{"line":286,"column":0},"end":{"line":293,"column":1}},"112":{"start":{"line":287,"column":4},"end":{"line":292,"column":6}},"113":{"start":{"line":295,"column":0},"end":{"line":305,"column":1}},"114":{"start":{"line":296,"column":4},"end":{"line":302,"column":5}},"115":{"start":{"line":297,"column":8},"end":{"line":299,"column":9}},"116":{"start":{"line":298,"column":12},"end":{"line":298,"column":34}},"117":{"start":{"line":301,"column":8},"end":{"line":301,"column":22}},"118":{"start":{"line":304,"column":4},"end":{"line":304,"column":18}},"119":{"start":{"line":307,"column":0},"end":{"line":311,"column":1}},"120":{"start":{"line":308,"column":4},"end":{"line":310,"column":14}},"121":{"start":{"line":309,"column":8},"end":{"line":309,"column":44}},"122":{"start":{"line":313,"column":0},"end":{"line":320,"column":1}},"123":{"start":{"line":314,"column":4},"end":{"line":314,"column":38}},"124":{"start":{"line":316,"column":4},"end":{"line":316,"column":33}},"125":{"start":{"line":317,"column":4},"end":{"line":317,"column":59}},"126":{"start":{"line":318,"column":4},"end":{"line":318,"column":51}},"127":{"start":{"line":319,"column":4},"end":{"line":319,"column":29}},"128":{"start":{"line":322,"column":0},"end":{"line":326,"column":1}},"129":{"start":{"line":323,"column":4},"end":{"line":323,"column":46}},"130":{"start":{"line":325,"column":4},"end":{"line":325,"column":79}},"131":{"start":{"line":328,"column":0},"end":{"line":338,"column":1}},"132":{"start":{"line":329,"column":4},"end":{"line":331,"column":5}},"133":{"start":{"line":330,"column":8},"end":{"line":330,"column":21}},"134":{"start":{"line":333,"column":4},"end":{"line":335,"column":5}},"135":{"start":{"line":334,"column":8},"end":{"line":334,"column":20}},"136":{"start":{"line":337,"column":4},"end":{"line":337,"column":79}},"137":{"start":{"line":340,"column":0},"end":{"line":354,"column":1}},"138":{"start":{"line":341,"column":4},"end":{"line":341,"column":81}},"139":{"start":{"line":343,"column":4},"end":{"line":351,"column":5}},"140":{"start":{"line":344,"column":8},"end":{"line":346,"column":39}},"141":{"start":{"line":345,"column":12},"end":{"line":345,"column":34}},"142":{"start":{"line":348,"column":8},"end":{"line":350,"column":9}},"143":{"start":{"line":349,"column":12},"end":{"line":349,"column":40}},"144":{"start":{"line":353,"column":4},"end":{"line":353,"column":40}},"145":{"start":{"line":356,"column":0},"end":{"line":373,"column":1}},"146":{"start":{"line":357,"column":4},"end":{"line":357,"column":25}},"147":{"start":{"line":359,"column":4},"end":{"line":361,"column":5}},"148":{"start":{"line":360,"column":8},"end":{"line":360,"column":20}},"149":{"start":{"line":363,"column":4},"end":{"line":363,"column":21}},"150":{"start":{"line":364,"column":4},"end":{"line":364,"column":48}},"151":{"start":{"line":366,"column":4},"end":{"line":368,"column":5}},"152":{"start":{"line":367,"column":8},"end":{"line":367,"column":21}},"153":{"start":{"line":370,"column":4},"end":{"line":370,"column":40}},"154":{"start":{"line":372,"column":4},"end":{"line":372,"column":16}},"155":{"start":{"line":375,"column":0},"end":{"line":385,"column":1}},"156":{"start":{"line":376,"column":4},"end":{"line":382,"column":5}},"157":{"start":{"line":380,"column":8},"end":{"line":380,"column":28}},"158":{"start":{"line":381,"column":8},"end":{"line":381,"column":67}},"159":{"start":{"line":384,"column":4},"end":{"line":384,"column":23}},"160":{"start":{"line":387,"column":0},"end":{"line":435,"column":1}},"161":{"start":{"line":388,"column":4},"end":{"line":434,"column":5}},"162":{"start":{"line":389,"column":8},"end":{"line":389,"column":44}},"163":{"start":{"line":391,"column":8},"end":{"line":393,"column":9}},"164":{"start":{"line":392,"column":12},"end":{"line":392,"column":19}},"165":{"start":{"line":395,"column":8},"end":{"line":412,"column":9}},"166":{"start":{"line":396,"column":12},"end":{"line":396,"column":32}},"167":{"start":{"line":397,"column":12},"end":{"line":397,"column":58}},"168":{"start":{"line":399,"column":12},"end":{"line":399,"column":32}},"169":{"start":{"line":401,"column":12},"end":{"line":403,"column":13}},"170":{"start":{"line":402,"column":16},"end":{"line":402,"column":50}},"171":{"start":{"line":405,"column":12},"end":{"line":405,"column":56}},"172":{"start":{"line":407,"column":12},"end":{"line":411,"column":13}},"173":{"start":{"line":408,"column":16},"end":{"line":408,"column":46}},"174":{"start":{"line":410,"column":16},"end":{"line":410,"column":44}},"175":{"start":{"line":414,"column":8},"end":{"line":416,"column":9}},"176":{"start":{"line":415,"column":12},"end":{"line":415,"column":23}},"177":{"start":{"line":418,"column":8},"end":{"line":418,"column":120}},"178":{"start":{"line":419,"column":8},"end":{"line":421,"column":9}},"179":{"start":{"line":420,"column":12},"end":{"line":420,"column":23}},"180":{"start":{"line":423,"column":8},"end":{"line":423,"column":42}},"181":{"start":{"line":425,"column":8},"end":{"line":431,"column":11}},"182":{"start":{"line":426,"column":12},"end":{"line":428,"column":13}},"183":{"start":{"line":427,"column":16},"end":{"line":427,"column":64}},"184":{"start":{"line":430,"column":12},"end":{"line":430,"column":58}},"185":{"start":{"line":433,"column":8},"end":{"line":433,"column":58}},"186":{"start":{"line":437,"column":0},"end":{"line":444,"column":1}},"187":{"start":{"line":439,"column":4},"end":{"line":443,"column":6}},"188":{"start":{"line":446,"column":0},"end":{"line":476,"column":1}},"189":{"start":{"line":449,"column":4},"end":{"line":449,"column":59}},"190":{"start":{"line":451,"column":4},"end":{"line":451,"column":48}},"191":{"start":{"line":452,"column":4},"end":{"line":452,"column":55}},"192":{"start":{"line":453,"column":4},"end":{"line":453,"column":62}},"193":{"start":{"line":454,"column":4},"end":{"line":454,"column":39}},"194":{"start":{"line":456,"column":4},"end":{"line":475,"column":5}},"195":{"start":{"line":463,"column":8},"end":{"line":474,"column":10}},"196":{"start":{"line":478,"column":0},"end":{"line":482,"column":1}},"197":{"start":{"line":479,"column":4},"end":{"line":481,"column":5}},"198":{"start":{"line":480,"column":8},"end":{"line":480,"column":35}},"199":{"start":{"line":484,"column":0},"end":{"line":488,"column":1}},"200":{"start":{"line":485,"column":4},"end":{"line":487,"column":5}},"201":{"start":{"line":486,"column":8},"end":{"line":486,"column":59}},"202":{"start":{"line":490,"column":0},"end":{"line":499,"column":1}},"203":{"start":{"line":492,"column":4},"end":{"line":492,"column":83}},"204":{"start":{"line":494,"column":4},"end":{"line":496,"column":5}},"205":{"start":{"line":495,"column":8},"end":{"line":495,"column":39}},"206":{"start":{"line":498,"column":4},"end":{"line":498,"column":18}},"207":{"start":{"line":501,"column":0},"end":{"line":537,"column":2}},"208":{"start":{"line":539,"column":0},"end":{"line":548,"column":1}},"209":{"start":{"line":540,"column":4},"end":{"line":547,"column":5}},"210":{"start":{"line":541,"column":8},"end":{"line":545,"column":10}},"211":{"start":{"line":550,"column":0},"end":{"line":567,"column":1}},"212":{"start":{"line":551,"column":4},"end":{"line":566,"column":11}},"213":{"start":{"line":552,"column":8},"end":{"line":552,"column":26}},"214":{"start":{"line":554,"column":8},"end":{"line":556,"column":9}},"215":{"start":{"line":555,"column":12},"end":{"line":555,"column":50}},"216":{"start":{"line":558,"column":8},"end":{"line":558,"column":72}},"217":{"start":{"line":559,"column":8},"end":{"line":559,"column":37}},"218":{"start":{"line":561,"column":8},"end":{"line":563,"column":9}},"219":{"start":{"line":562,"column":12},"end":{"line":562,"column":43}},"220":{"start":{"line":565,"column":8},"end":{"line":565,"column":22}},"221":{"start":{"line":569,"column":0},"end":{"line":591,"column":1}},"222":{"start":{"line":570,"column":4},"end":{"line":590,"column":11}},"223":{"start":{"line":571,"column":8},"end":{"line":571,"column":31}},"224":{"start":{"line":573,"column":8},"end":{"line":576,"column":9}},"225":{"start":{"line":574,"column":12},"end":{"line":574,"column":48}},"226":{"start":{"line":575,"column":12},"end":{"line":575,"column":44}},"227":{"start":{"line":578,"column":8},"end":{"line":578,"column":68}},"228":{"start":{"line":579,"column":8},"end":{"line":579,"column":37}},"229":{"start":{"line":580,"column":8},"end":{"line":580,"column":35}},"230":{"start":{"line":582,"column":8},"end":{"line":587,"column":9}},"231":{"start":{"line":583,"column":12},"end":{"line":586,"column":14}},"232":{"start":{"line":589,"column":8},"end":{"line":589,"column":22}},"233":{"start":{"line":593,"column":0},"end":{"line":613,"column":1}},"234":{"start":{"line":594,"column":4},"end":{"line":594,"column":41}},"235":{"start":{"line":596,"column":4},"end":{"line":612,"column":11}},"236":{"start":{"line":597,"column":8},"end":{"line":597,"column":26}},"237":{"start":{"line":599,"column":8},"end":{"line":601,"column":9}},"238":{"start":{"line":600,"column":12},"end":{"line":600,"column":57}},"239":{"start":{"line":603,"column":8},"end":{"line":603,"column":71}},"240":{"start":{"line":604,"column":8},"end":{"line":604,"column":29}},"241":{"start":{"line":605,"column":8},"end":{"line":605,"column":47}},"242":{"start":{"line":607,"column":8},"end":{"line":609,"column":9}},"243":{"start":{"line":608,"column":12},"end":{"line":608,"column":42}},"244":{"start":{"line":611,"column":8},"end":{"line":611,"column":22}},"245":{"start":{"line":615,"column":0},"end":{"line":629,"column":1}},"246":{"start":{"line":617,"column":4},"end":{"line":628,"column":5}},"247":{"start":{"line":618,"column":8},"end":{"line":627,"column":11}},"248":{"start":{"line":619,"column":12},"end":{"line":619,"column":88}},"249":{"start":{"line":621,"column":12},"end":{"line":624,"column":13}},"250":{"start":{"line":622,"column":16},"end":{"line":622,"column":44}},"251":{"start":{"line":623,"column":16},"end":{"line":623,"column":47}},"252":{"start":{"line":626,"column":12},"end":{"line":626,"column":26}},"253":{"start":{"line":631,"column":0},"end":{"line":636,"column":1}},"254":{"start":{"line":632,"column":4},"end":{"line":632,"column":41}},"255":{"start":{"line":634,"column":4},"end":{"line":634,"column":33}},"256":{"start":{"line":635,"column":4},"end":{"line":635,"column":19}}},"branchMap":{"1":{"line":77,"type":"if","locations":[{"start":{"line":77,"column":4},"end":{"line":77,"column":4}},{"start":{"line":77,"column":4},"end":{"line":77,"column":4}}]},"2":{"line":126,"type":"if","locations":[{"start":{"line":126,"column":4},"end":{"line":126,"column":4}},{"start":{"line":126,"column":4},"end":{"line":126,"column":4}}]},"3":{"line":127,"type":"if","locations":[{"start":{"line":127,"column":8},"end":{"line":127,"column":8}},{"start":{"line":127,"column":8},"end":{"line":127,"column":8}}]},"4":{"line":127,"type":"binary-expr","locations":[{"start":{"line":127,"column":12},"end":{"line":127,"column":26}},{"start":{"line":127,"column":30},"end":{"line":127,"column":47}}]},"5":{"line":130,"type":"if","locations":[{"start":{"line":130,"column":11},"end":{"line":130,"column":11}},{"start":{"line":130,"column":11},"end":{"line":130,"column":11}}]},"6":{"line":134,"type":"if","locations":[{"start":{"line":134,"column":11},"end":{"line":134,"column":11}},{"start":{"line":134,"column":11},"end":{"line":134,"column":11}}]},"7":{"line":142,"type":"if","locations":[{"start":{"line":142,"column":4},"end":{"line":142,"column":4}},{"start":{"line":142,"column":4},"end":{"line":142,"column":4}}]},"8":{"line":156,"type":"switch","locations":[{"start":{"line":157,"column":8},"end":{"line":160,"column":18}},{"start":{"line":161,"column":8},"end":{"line":164,"column":97}}]},"9":{"line":173,"type":"binary-expr","locations":[{"start":{"line":173,"column":11},"end":{"line":173,"column":24}},{"start":{"line":173,"column":28},"end":{"line":173,"column":42}}]},"10":{"line":199,"type":"if","locations":[{"start":{"line":199,"column":4},"end":{"line":199,"column":4}},{"start":{"line":199,"column":4},"end":{"line":199,"column":4}}]},"11":{"line":230,"type":"if","locations":[{"start":{"line":230,"column":4},"end":{"line":230,"column":4}},{"start":{"line":230,"column":4},"end":{"line":230,"column":4}}]},"12":{"line":254,"type":"if","locations":[{"start":{"line":254,"column":4},"end":{"line":254,"column":4}},{"start":{"line":254,"column":4},"end":{"line":254,"column":4}}]},"13":{"line":254,"type":"binary-expr","locations":[{"start":{"line":254,"column":8},"end":{"line":254,"column":32}},{"start":{"line":254,"column":36},"end":{"line":254,"column":61}}]},"14":{"line":260,"type":"if","locations":[{"start":{"line":260,"column":4},"end":{"line":260,"column":4}},{"start":{"line":260,"column":4},"end":{"line":260,"column":4}}]},"15":{"line":264,"type":"if","locations":[{"start":{"line":264,"column":4},"end":{"line":264,"column":4}},{"start":{"line":264,"column":4},"end":{"line":264,"column":4}}]},"16":{"line":264,"type":"binary-expr","locations":[{"start":{"line":264,"column":8},"end":{"line":264,"column":52}},{"start":{"line":264,"column":56},"end":{"line":264,"column":94}}]},"17":{"line":268,"type":"if","locations":[{"start":{"line":268,"column":4},"end":{"line":268,"column":4}},{"start":{"line":268,"column":4},"end":{"line":268,"column":4}}]},"18":{"line":268,"type":"binary-expr","locations":[{"start":{"line":268,"column":8},"end":{"line":268,"column":33}},{"start":{"line":268,"column":37},"end":{"line":268,"column":89}}]},"19":{"line":274,"type":"if","locations":[{"start":{"line":274,"column":4},"end":{"line":274,"column":4}},{"start":{"line":274,"column":4},"end":{"line":274,"column":4}}]},"20":{"line":288,"type":"binary-expr","locations":[{"start":{"line":288,"column":22},"end":{"line":288,"column":45}},{"start":{"line":288,"column":49},"end":{"line":288,"column":51}}]},"21":{"line":289,"type":"binary-expr","locations":[{"start":{"line":289,"column":59},"end":{"line":289,"column":93}},{"start":{"line":289,"column":97},"end":{"line":289,"column":99}}]},"22":{"line":296,"type":"if","locations":[{"start":{"line":296,"column":4},"end":{"line":296,"column":4}},{"start":{"line":296,"column":4},"end":{"line":296,"column":4}}]},"23":{"line":297,"type":"if","locations":[{"start":{"line":297,"column":8},"end":{"line":297,"column":8}},{"start":{"line":297,"column":8},"end":{"line":297,"column":8}}]},"24":{"line":297,"type":"binary-expr","locations":[{"start":{"line":297,"column":12},"end":{"line":297,"column":26}},{"start":{"line":297,"column":30},"end":{"line":297,"column":62}}]},"25":{"line":309,"type":"binary-expr","locations":[{"start":{"line":309,"column":15},"end":{"line":309,"column":20}},{"start":{"line":309,"column":24},"end":{"line":309,"column":43}}]},"26":{"line":325,"type":"cond-expr","locations":[{"start":{"line":325,"column":31},"end":{"line":325,"column":42}},{"start":{"line":325,"column":45},"end":{"line":325,"column":78}}]},"27":{"line":329,"type":"if","locations":[{"start":{"line":329,"column":4},"end":{"line":329,"column":4}},{"start":{"line":329,"column":4},"end":{"line":329,"column":4}}]},"28":{"line":333,"type":"if","locations":[{"start":{"line":333,"column":4},"end":{"line":333,"column":4}},{"start":{"line":333,"column":4},"end":{"line":333,"column":4}}]},"29":{"line":333,"type":"binary-expr","locations":[{"start":{"line":333,"column":8},"end":{"line":333,"column":59}},{"start":{"line":333,"column":63},"end":{"line":333,"column":91}}]},"30":{"line":343,"type":"if","locations":[{"start":{"line":343,"column":4},"end":{"line":343,"column":4}},{"start":{"line":343,"column":4},"end":{"line":343,"column":4}}]},"31":{"line":348,"type":"if","locations":[{"start":{"line":348,"column":8},"end":{"line":348,"column":8}},{"start":{"line":348,"column":8},"end":{"line":348,"column":8}}]},"32":{"line":359,"type":"if","locations":[{"start":{"line":359,"column":4},"end":{"line":359,"column":4}},{"start":{"line":359,"column":4},"end":{"line":359,"column":4}}]},"33":{"line":366,"type":"if","locations":[{"start":{"line":366,"column":4},"end":{"line":366,"column":4}},{"start":{"line":366,"column":4},"end":{"line":366,"column":4}}]},"34":{"line":366,"type":"binary-expr","locations":[{"start":{"line":366,"column":8},"end":{"line":366,"column":41}},{"start":{"line":366,"column":45},"end":{"line":366,"column":76}}]},"35":{"line":376,"type":"if","locations":[{"start":{"line":376,"column":4},"end":{"line":376,"column":4}},{"start":{"line":376,"column":4},"end":{"line":376,"column":4}}]},"36":{"line":377,"type":"binary-expr","locations":[{"start":{"line":377,"column":9},"end":{"line":377,"column":33}},{"start":{"line":377,"column":37},"end":{"line":377,"column":52}},{"start":{"line":378,"column":9},"end":{"line":378,"column":34}},{"start":{"line":378,"column":38},"end":{"line":378,"column":50}},{"start":{"line":378,"column":54},"end":{"line":378,"column":95}}]},"37":{"line":391,"type":"if","locations":[{"start":{"line":391,"column":8},"end":{"line":391,"column":8}},{"start":{"line":391,"column":8},"end":{"line":391,"column":8}}]},"38":{"line":395,"type":"if","locations":[{"start":{"line":395,"column":8},"end":{"line":395,"column":8}},{"start":{"line":395,"column":8},"end":{"line":395,"column":8}}]},"39":{"line":401,"type":"if","locations":[{"start":{"line":401,"column":12},"end":{"line":401,"column":12}},{"start":{"line":401,"column":12},"end":{"line":401,"column":12}}]},"40":{"line":407,"type":"if","locations":[{"start":{"line":407,"column":12},"end":{"line":407,"column":12}},{"start":{"line":407,"column":12},"end":{"line":407,"column":12}}]},"41":{"line":414,"type":"if","locations":[{"start":{"line":414,"column":8},"end":{"line":414,"column":8}},{"start":{"line":414,"column":8},"end":{"line":414,"column":8}}]},"42":{"line":419,"type":"if","locations":[{"start":{"line":419,"column":8},"end":{"line":419,"column":8}},{"start":{"line":419,"column":8},"end":{"line":419,"column":8}}]},"43":{"line":426,"type":"if","locations":[{"start":{"line":426,"column":12},"end":{"line":426,"column":12}},{"start":{"line":426,"column":12},"end":{"line":426,"column":12}}]},"44":{"line":456,"type":"if","locations":[{"start":{"line":456,"column":4},"end":{"line":456,"column":4}},{"start":{"line":456,"column":4},"end":{"line":456,"column":4}}]},"45":{"line":457,"type":"binary-expr","locations":[{"start":{"line":457,"column":8},"end":{"line":457,"column":41}},{"start":{"line":458,"column":8},"end":{"line":458,"column":51}},{"start":{"line":459,"column":8},"end":{"line":459,"column":50}},{"start":{"line":460,"column":8},"end":{"line":460,"column":40}},{"start":{"line":461,"column":8},"end":{"line":461,"column":35}}]},"46":{"line":479,"type":"if","locations":[{"start":{"line":479,"column":4},"end":{"line":479,"column":4}},{"start":{"line":479,"column":4},"end":{"line":479,"column":4}}]},"47":{"line":485,"type":"if","locations":[{"start":{"line":485,"column":4},"end":{"line":485,"column":4}},{"start":{"line":485,"column":4},"end":{"line":485,"column":4}}]},"48":{"line":485,"type":"binary-expr","locations":[{"start":{"line":485,"column":8},"end":{"line":485,"column":18}},{"start":{"line":485,"column":22},"end":{"line":485,"column":32}}]},"49":{"line":494,"type":"if","locations":[{"start":{"line":494,"column":4},"end":{"line":494,"column":4}},{"start":{"line":494,"column":4},"end":{"line":494,"column":4}}]},"50":{"line":554,"type":"if","locations":[{"start":{"line":554,"column":8},"end":{"line":554,"column":8}},{"start":{"line":554,"column":8},"end":{"line":554,"column":8}}]},"51":{"line":558,"type":"cond-expr","locations":[{"start":{"line":558,"column":38},"end":{"line":558,"column":56}},{"start":{"line":558,"column":59},"end":{"line":558,"column":71}}]},"52":{"line":561,"type":"if","locations":[{"start":{"line":561,"column":8},"end":{"line":561,"column":8}},{"start":{"line":561,"column":8},"end":{"line":561,"column":8}}]},"53":{"line":573,"type":"if","locations":[{"start":{"line":573,"column":8},"end":{"line":573,"column":8}},{"start":{"line":573,"column":8},"end":{"line":573,"column":8}}]},"54":{"line":573,"type":"binary-expr","locations":[{"start":{"line":573,"column":12},"end":{"line":573,"column":29}},{"start":{"line":573,"column":33},"end":{"line":573,"column":48}}]},"55":{"line":578,"type":"cond-expr","locations":[{"start":{"line":578,"column":34},"end":{"line":578,"column":52}},{"start":{"line":578,"column":55},"end":{"line":578,"column":67}}]},"56":{"line":582,"type":"if","locations":[{"start":{"line":582,"column":8},"end":{"line":582,"column":8}},{"start":{"line":582,"column":8},"end":{"line":582,"column":8}}]},"57":{"line":582,"type":"binary-expr","locations":[{"start":{"line":582,"column":12},"end":{"line":582,"column":17}},{"start":{"line":582,"column":21},"end":{"line":582,"column":24}}]},"58":{"line":599,"type":"if","locations":[{"start":{"line":599,"column":8},"end":{"line":599,"column":8}},{"start":{"line":599,"column":8},"end":{"line":599,"column":8}}]},"59":{"line":603,"type":"cond-expr","locations":[{"start":{"line":603,"column":37},"end":{"line":603,"column":55}},{"start":{"line":603,"column":58},"end":{"line":603,"column":70}}]},"60":{"line":607,"type":"if","locations":[{"start":{"line":607,"column":8},"end":{"line":607,"column":8}},{"start":{"line":607,"column":8},"end":{"line":607,"column":8}}]},"61":{"line":617,"type":"if","locations":[{"start":{"line":617,"column":4},"end":{"line":617,"column":4}},{"start":{"line":617,"column":4},"end":{"line":617,"column":4}}]},"62":{"line":621,"type":"if","locations":[{"start":{"line":621,"column":12},"end":{"line":621,"column":12}},{"start":{"line":621,"column":12},"end":{"line":621,"column":12}}]}}},"/Users/phil.booth/Code/boomcatch/src/mappers/har.js":{"path":"/Users/phil.booth/Code/boomcatch/src/mappers/har.js","s":{"1":50,"2":50,"3":46,"4":46,"5":1,"6":42,"7":7,"8":34,"9":1,"10":34,"11":34,"12":1,"13":34,"14":1,"15":93,"16":93,"17":93,"18":1,"19":34,"20":1,"21":34,"22":59,"23":59,"24":413,"25":154,"26":259,"27":1,"28":59,"29":1,"30":59,"31":59,"32":93,"33":1,"34":59,"35":1,"36":59,"37":1,"38":59,"39":1,"40":59,"41":1,"42":177,"43":177,"44":27,"45":150,"46":1,"47":118,"48":118,"49":118,"50":118,"51":18,"52":100},"b":{"1":[7,34],"2":[42,37],"3":[34,9],"4":[34,0],"5":[154,259],"6":[413,354],"7":[27,150],"8":[18,100],"9":[118,100]},"f":{"1":46,"2":42,"3":34,"4":34,"5":93,"6":34,"7":34,"8":59,"9":413,"10":59,"11":59,"12":93,"13":59,"14":59,"15":59,"16":59,"17":177,"18":118},"fnMap":{"1":{"name":"(anonymous_1)","line":29,"loc":{"start":{"line":29,"column":16},"end":{"line":29,"column":39}}},"2":{"name":"map","line":37,"loc":{"start":{"line":37,"column":0},"end":{"line":37,"column":40}}},"3":{"name":"getBrowser","line":58,"loc":{"start":{"line":58,"column":0},"end":{"line":58,"column":32}}},"4":{"name":"getPages","line":67,"loc":{"start":{"line":67,"column":0},"end":{"line":67,"column":32}}},"5":{"name":"getTime","line":78,"loc":{"start":{"line":78,"column":0},"end":{"line":78,"column":28}}},"6":{"name":"getPageTimings","line":84,"loc":{"start":{"line":84,"column":0},"end":{"line":84,"column":31}}},"7":{"name":"getEntries","line":91,"loc":{"start":{"line":91,"column":0},"end":{"line":91,"column":27}}},"8":{"name":"(anonymous_8)","line":92,"loc":{"start":{"line":92,"column":20},"end":{"line":92,"column":37}}},"9":{"name":"(anonymous_9)","line":98,"loc":{"start":{"line":98,"column":46},"end":{"line":98,"column":67}}},"10":{"name":"getRequest","line":113,"loc":{"start":{"line":113,"column":0},"end":{"line":113,"column":27}}},"11":{"name":"getQueryString","line":126,"loc":{"start":{"line":126,"column":0},"end":{"line":126,"column":36}}},"12":{"name":"(anonymous_12)","line":129,"loc":{"start":{"line":129,"column":39},"end":{"line":129,"column":55}}},"13":{"name":"getResponse","line":137,"loc":{"start":{"line":137,"column":0},"end":{"line":137,"column":28}}},"14":{"name":"getContent","line":151,"loc":{"start":{"line":151,"column":0},"end":{"line":151,"column":31}}},"15":{"name":"getCache","line":158,"loc":{"start":{"line":158,"column":0},"end":{"line":158,"column":29}}},"16":{"name":"getTimings","line":162,"loc":{"start":{"line":162,"column":0},"end":{"line":162,"column":27}}},"17":{"name":"getOptionalEventDuration","line":177,"loc":{"start":{"line":177,"column":0},"end":{"line":177,"column":52}}},"18":{"name":"getOptionalEventDifference","line":187,"loc":{"start":{"line":187,"column":0},"end":{"line":187,"column":84}}}},"statementMap":{"1":{"start":{"line":22,"column":0},"end":{"line":26,"column":41}},"2":{"start":{"line":28,"column":0},"end":{"line":35,"column":2}},"3":{"start":{"line":31,"column":8},"end":{"line":31,"column":24}},"4":{"start":{"line":33,"column":8},"end":{"line":33,"column":19}},"5":{"start":{"line":37,"column":0},"end":{"line":56,"column":1}},"6":{"start":{"line":38,"column":4},"end":{"line":40,"column":5}},"7":{"start":{"line":39,"column":8},"end":{"line":39,"column":18}},"8":{"start":{"line":42,"column":4},"end":{"line":55,"column":7}},"9":{"start":{"line":58,"column":0},"end":{"line":65,"column":1}},"10":{"start":{"line":59,"column":4},"end":{"line":59,"column":55}},"11":{"start":{"line":61,"column":4},"end":{"line":64,"column":6}},"12":{"start":{"line":67,"column":0},"end":{"line":76,"column":1}},"13":{"start":{"line":68,"column":4},"end":{"line":75,"column":6}},"14":{"start":{"line":78,"column":0},"end":{"line":82,"column":1}},"15":{"start":{"line":79,"column":4},"end":{"line":79,"column":26}},"16":{"start":{"line":80,"column":4},"end":{"line":80,"column":27}},"17":{"start":{"line":81,"column":4},"end":{"line":81,"column":30}},"18":{"start":{"line":84,"column":0},"end":{"line":89,"column":1}},"19":{"start":{"line":85,"column":4},"end":{"line":88,"column":6}},"20":{"start":{"line":91,"column":0},"end":{"line":111,"column":1}},"21":{"start":{"line":92,"column":4},"end":{"line":110,"column":7}},"22":{"start":{"line":93,"column":8},"end":{"line":93,"column":40}},"23":{"start":{"line":95,"column":8},"end":{"line":109,"column":10}},"24":{"start":{"line":99,"column":16},"end":{"line":101,"column":17}},"25":{"start":{"line":100,"column":20},"end":{"line":100,"column":31}},"26":{"start":{"line":103,"column":16},"end":{"line":103,"column":43}},"27":{"start":{"line":113,"column":0},"end":{"line":124,"column":1}},"28":{"start":{"line":114,"column":4},"end":{"line":123,"column":6}},"29":{"start":{"line":126,"column":0},"end":{"line":135,"column":1}},"30":{"start":{"line":127,"column":4},"end":{"line":127,"column":67}},"31":{"start":{"line":129,"column":4},"end":{"line":134,"column":7}},"32":{"start":{"line":130,"column":8},"end":{"line":133,"column":10}},"33":{"start":{"line":137,"column":0},"end":{"line":149,"column":1}},"34":{"start":{"line":138,"column":4},"end":{"line":148,"column":6}},"35":{"start":{"line":151,"column":0},"end":{"line":156,"column":1}},"36":{"start":{"line":152,"column":4},"end":{"line":155,"column":6}},"37":{"start":{"line":158,"column":0},"end":{"line":160,"column":1}},"38":{"start":{"line":159,"column":4},"end":{"line":159,"column":14}},"39":{"start":{"line":162,"column":0},"end":{"line":175,"column":1}},"40":{"start":{"line":163,"column":4},"end":{"line":174,"column":6}},"41":{"start":{"line":177,"column":0},"end":{"line":185,"column":1}},"42":{"start":{"line":178,"column":4},"end":{"line":178,"column":39}},"43":{"start":{"line":180,"column":4},"end":{"line":182,"column":5}},"44":{"start":{"line":181,"column":8},"end":{"line":181,"column":18}},"45":{"start":{"line":184,"column":4},"end":{"line":184,"column":35}},"46":{"start":{"line":187,"column":0},"end":{"line":198,"column":1}},"47":{"start":{"line":188,"column":4},"end":{"line":188,"column":25}},"48":{"start":{"line":190,"column":4},"end":{"line":190,"column":35}},"49":{"start":{"line":191,"column":4},"end":{"line":191,"column":47}},"50":{"start":{"line":193,"column":4},"end":{"line":195,"column":5}},"51":{"start":{"line":194,"column":8},"end":{"line":194,"column":18}},"52":{"start":{"line":197,"column":4},"end":{"line":197,"column":44}}},"branchMap":{"1":{"line":38,"type":"if","locations":[{"start":{"line":38,"column":4},"end":{"line":38,"column":4}},{"start":{"line":38,"column":4},"end":{"line":38,"column":4}}]},"2":{"line":38,"type":"binary-expr","locations":[{"start":{"line":38,"column":8},"end":{"line":38,"column":23}},{"start":{"line":38,"column":27},"end":{"line":38,"column":42}}]},"3":{"line":52,"type":"binary-expr","locations":[{"start":{"line":52,"column":44},"end":{"line":52,"column":54}},{"start":{"line":52,"column":58},"end":{"line":52,"column":65}}]},"4":{"line":72,"type":"binary-expr","locations":[{"start":{"line":72,"column":19},"end":{"line":72,"column":24}},{"start":{"line":72,"column":28},"end":{"line":72,"column":30}}]},"5":{"line":99,"type":"if","locations":[{"start":{"line":99,"column":16},"end":{"line":99,"column":16}},{"start":{"line":99,"column":16},"end":{"line":99,"column":16}}]},"6":{"line":99,"type":"binary-expr","locations":[{"start":{"line":99,"column":20},"end":{"line":99,"column":34}},{"start":{"line":99,"column":38},"end":{"line":99,"column":77}}]},"7":{"line":180,"type":"if","locations":[{"start":{"line":180,"column":4},"end":{"line":180,"column":4}},{"start":{"line":180,"column":4},"end":{"line":180,"column":4}}]},"8":{"line":193,"type":"if","locations":[{"start":{"line":193,"column":4},"end":{"line":193,"column":4}},{"start":{"line":193,"column":4},"end":{"line":193,"column":4}}]},"9":{"line":193,"type":"binary-expr","locations":[{"start":{"line":193,"column":8},"end":{"line":193,"column":14}},{"start":{"line":193,"column":18},"end":{"line":193,"column":53}}]}}},"/Users/phil.booth/Code/boomcatch/src/mappers/statsd.js":{"path":"/Users/phil.booth/Code/boomcatch/src/mappers/statsd.js","s":{"1":1,"2":1,"3":12,"4":1,"5":11,"6":4,"7":2,"8":2,"9":7,"10":1,"11":7,"12":7,"13":19,"14":6,"15":13,"16":19,"17":6,"18":6,"19":1,"20":1,"21":2,"22":1,"23":4,"24":64,"25":1,"26":7,"27":1,"28":7,"29":16,"30":16,"31":16,"32":0,"33":1,"34":22,"35":1,"36":7,"37":12,"38":12,"39":6,"40":6},"b":{"1":[4,7],"2":[2,2],"3":[6,13],"4":[6,12],"5":[16,0],"6":[6,6]},"f":{"1":12,"2":11,"3":7,"4":19,"5":1,"6":2,"7":4,"8":64,"9":7,"10":7,"11":16,"12":22,"13":7,"14":12},"fnMap":{"1":{"name":"(anonymous_1)","line":26,"loc":{"start":{"line":26,"column":16},"end":{"line":26,"column":35}}},"2":{"name":"normalisePrefix","line":32,"loc":{"start":{"line":32,"column":0},"end":{"line":32,"column":34}}},"3":{"name":"map","line":44,"loc":{"start":{"line":44,"column":0},"end":{"line":44,"column":37}}},"4":{"name":"(anonymous_4)","line":47,"loc":{"start":{"line":47,"column":33},"end":{"line":47,"column":53}}},"5":{"name":"mapRestimingMetrics","line":62,"loc":{"start":{"line":62,"column":0},"end":{"line":62,"column":62}}},"6":{"name":"(anonymous_6)","line":63,"loc":{"start":{"line":63,"column":20},"end":{"line":63,"column":47}}},"7":{"name":"base36Encode","line":73,"loc":{"start":{"line":73,"column":0},"end":{"line":73,"column":31}}},"8":{"name":"(anonymous_8)","line":74,"loc":{"start":{"line":74,"column":44},"end":{"line":74,"column":65}}},"9":{"name":"mapMetrics","line":79,"loc":{"start":{"line":79,"column":0},"end":{"line":79,"column":44}}},"10":{"name":"mapEvents","line":84,"loc":{"start":{"line":84,"column":0},"end":{"line":84,"column":43}}},"11":{"name":"(anonymous_11)","line":85,"loc":{"start":{"line":85,"column":30},"end":{"line":85,"column":48}}},"12":{"name":"mapMetric","line":96,"loc":{"start":{"line":96,"column":0},"end":{"line":96,"column":41}}},"13":{"name":"mapDurations","line":100,"loc":{"start":{"line":100,"column":0},"end":{"line":100,"column":46}}},"14":{"name":"(anonymous_14)","line":101,"loc":{"start":{"line":101,"column":33},"end":{"line":101,"column":51}}}},"statementMap":{"1":{"start":{"line":22,"column":0},"end":{"line":23,"column":36}},"2":{"start":{"line":25,"column":0},"end":{"line":30,"column":2}},"3":{"start":{"line":27,"column":8},"end":{"line":27,"column":63}},"4":{"start":{"line":32,"column":0},"end":{"line":42,"column":1}},"5":{"start":{"line":33,"column":4},"end":{"line":39,"column":5}},"6":{"start":{"line":34,"column":8},"end":{"line":36,"column":9}},"7":{"start":{"line":35,"column":12},"end":{"line":35,"column":26}},"8":{"start":{"line":38,"column":8},"end":{"line":38,"column":28}},"9":{"start":{"line":41,"column":4},"end":{"line":41,"column":14}},"10":{"start":{"line":44,"column":0},"end":{"line":60,"column":1}},"11":{"start":{"line":45,"column":4},"end":{"line":45,"column":28}},"12":{"start":{"line":47,"column":4},"end":{"line":57,"column":7}},"13":{"start":{"line":48,"column":8},"end":{"line":52,"column":9}},"14":{"start":{"line":49,"column":12},"end":{"line":49,"column":41}},"15":{"start":{"line":51,"column":12},"end":{"line":51,"column":32}},"16":{"start":{"line":54,"column":8},"end":{"line":56,"column":9}},"17":{"start":{"line":55,"column":12},"end":{"line":55,"column":98}},"18":{"start":{"line":59,"column":4},"end":{"line":59,"column":18}},"19":{"start":{"line":62,"column":0},"end":{"line":71,"column":1}},"20":{"start":{"line":63,"column":4},"end":{"line":70,"column":16}},"21":{"start":{"line":64,"column":8},"end":{"line":69,"column":37}},"22":{"start":{"line":73,"column":0},"end":{"line":77,"column":1}},"23":{"start":{"line":74,"column":4},"end":{"line":76,"column":16}},"24":{"start":{"line":75,"column":8},"end":{"line":75,"column":52}},"25":{"start":{"line":79,"column":0},"end":{"line":82,"column":1}},"26":{"start":{"line":80,"column":4},"end":{"line":81,"column":47}},"27":{"start":{"line":84,"column":0},"end":{"line":94,"column":1}},"28":{"start":{"line":85,"column":4},"end":{"line":93,"column":16}},"29":{"start":{"line":86,"column":8},"end":{"line":86,"column":40}},"30":{"start":{"line":88,"column":8},"end":{"line":90,"column":9}},"31":{"start":{"line":89,"column":12},"end":{"line":89,"column":70}},"32":{"start":{"line":92,"column":8},"end":{"line":92,"column":18}},"33":{"start":{"line":96,"column":0},"end":{"line":98,"column":1}},"34":{"start":{"line":97,"column":4},"end":{"line":97,"column":54}},"35":{"start":{"line":100,"column":0},"end":{"line":110,"column":1}},"36":{"start":{"line":101,"column":4},"end":{"line":109,"column":16}},"37":{"start":{"line":102,"column":8},"end":{"line":102,"column":43}},"38":{"start":{"line":104,"column":8},"end":{"line":106,"column":9}},"39":{"start":{"line":105,"column":12},"end":{"line":105,"column":52}},"40":{"start":{"line":108,"column":8},"end":{"line":108,"column":18}}},"branchMap":{"1":{"line":33,"type":"if","locations":[{"start":{"line":33,"column":4},"end":{"line":33,"column":4}},{"start":{"line":33,"column":4},"end":{"line":33,"column":4}}]},"2":{"line":34,"type":"if","locations":[{"start":{"line":34,"column":8},"end":{"line":34,"column":8}},{"start":{"line":34,"column":8},"end":{"line":34,"column":8}}]},"3":{"line":48,"type":"if","locations":[{"start":{"line":48,"column":8},"end":{"line":48,"column":8}},{"start":{"line":48,"column":8},"end":{"line":48,"column":8}}]},"4":{"line":54,"type":"if","locations":[{"start":{"line":54,"column":8},"end":{"line":54,"column":8}},{"start":{"line":54,"column":8},"end":{"line":54,"column":8}}]},"5":{"line":88,"type":"if","locations":[{"start":{"line":88,"column":8},"end":{"line":88,"column":8}},{"start":{"line":88,"column":8},"end":{"line":88,"column":8}}]},"6":{"line":104,"type":"if","locations":[{"start":{"line":104,"column":8},"end":{"line":104,"column":8}},{"start":{"line":104,"column":8},"end":{"line":104,"column":8}}]}}},"/Users/phil.booth/Code/boomcatch/src/metrics.js":{"path":"/Users/phil.booth/Code/boomcatch/src/metrics.js","s":{"1":1},"b":{},"f":{},"fnMap":{},"statementMap":{"1":{"start":{"line":22,"column":0},"end":{"line":49,"column":2}}},"branchMap":{}},"/Users/phil.booth/Code/boomcatch/src/validators/permissive.js":{"path":"/Users/phil.booth/Code/boomcatch/src/validators/permissive.js","s":{"1":1,"2":5,"3":3},"b":{},"f":{"1":5,"2":3},"fnMap":{"1":{"name":"(anonymous_1)","line":22,"loc":{"start":{"line":22,"column":21},"end":{"line":22,"column":33}}},"2":{"name":"(anonymous_2)","line":23,"loc":{"start":{"line":23,"column":11},"end":{"line":23,"column":23}}}},"statementMap":{"1":{"start":{"line":22,"column":0},"end":{"line":24,"column":2}},"2":{"start":{"line":23,"column":4},"end":{"line":23,"column":40}},"3":{"start":{"line":23,"column":25},"end":{"line":23,"column":37}}},"branchMap":{}}}