{"/Users/phil.booth/Code/boomcatch/src/filters/unfiltered.js":{"path":"/Users/phil.booth/Code/boomcatch/src/filters/unfiltered.js","s":{"1":1,"2":6,"3":4},"b":{},"f":{"1":6,"2":4},"fnMap":{"1":{"name":"(anonymous_1)","line":22,"loc":{"start":{"line":22,"column":21},"end":{"line":22,"column":33}}},"2":{"name":"(anonymous_2)","line":23,"loc":{"start":{"line":23,"column":11},"end":{"line":23,"column":27}}}},"statementMap":{"1":{"start":{"line":22,"column":0},"end":{"line":24,"column":2}},"2":{"start":{"line":23,"column":4},"end":{"line":23,"column":44}},"3":{"start":{"line":23,"column":29},"end":{"line":23,"column":41}}},"branchMap":{}},"/Users/phil.booth/Code/boomcatch/src/forwarders/http.js":{"path":"/Users/phil.booth/Code/boomcatch/src/forwarders/http.js","s":{"1":55,"2":55,"3":52,"4":1,"5":51,"6":1,"7":49,"8":15,"9":34,"10":1,"11":38,"12":38,"13":11,"14":38,"15":37,"16":26,"17":26,"18":37,"19":37,"20":20,"21":6,"22":20,"23":20,"24":37},"b":{"1":[15,34],"2":[11,27],"3":[26,11],"4":[6,14]},"f":{"1":52,"2":51,"3":49,"4":38,"5":20},"fnMap":{"1":{"name":"(anonymous_1)","line":26,"loc":{"start":{"line":26,"column":21},"end":{"line":26,"column":40}}},"2":{"name":"getProtocol","line":30,"loc":{"start":{"line":30,"column":0},"end":{"line":30,"column":27}}},"3":{"name":"normaliseMethod","line":34,"loc":{"start":{"line":34,"column":0},"end":{"line":34,"column":34}}},"4":{"name":"send","line":42,"loc":{"start":{"line":42,"column":0},"end":{"line":42,"column":65}}},"5":{"name":"(anonymous_5)","line":58,"loc":{"start":{"line":58,"column":36},"end":{"line":58,"column":56}}}},"statementMap":{"1":{"start":{"line":22,"column":0},"end":{"line":24,"column":35}},"2":{"start":{"line":26,"column":0},"end":{"line":28,"column":2}},"3":{"start":{"line":27,"column":4},"end":{"line":27,"column":119}},"4":{"start":{"line":30,"column":0},"end":{"line":32,"column":1}},"5":{"start":{"line":31,"column":4},"end":{"line":31,"column":52}},"6":{"start":{"line":34,"column":0},"end":{"line":40,"column":1}},"7":{"start":{"line":35,"column":4},"end":{"line":37,"column":5}},"8":{"start":{"line":36,"column":8},"end":{"line":36,"column":22}},"9":{"start":{"line":39,"column":4},"end":{"line":39,"column":17}},"10":{"start":{"line":42,"column":0},"end":{"line":69,"column":1}},"11":{"start":{"line":43,"column":4},"end":{"line":43,"column":24}},"12":{"start":{"line":45,"column":4},"end":{"line":47,"column":5}},"13":{"start":{"line":46,"column":8},"end":{"line":46,"column":43}},"14":{"start":{"line":49,"column":4},"end":{"line":49,"column":25}},"15":{"start":{"line":51,"column":4},"end":{"line":54,"column":5}},"16":{"start":{"line":52,"column":8},"end":{"line":52,"column":31}},"17":{"start":{"line":53,"column":8},"end":{"line":53,"column":20}},"18":{"start":{"line":56,"column":4},"end":{"line":56,"column":24}},"19":{"start":{"line":58,"column":4},"end":{"line":66,"column":7}},"20":{"start":{"line":59,"column":8},"end":{"line":61,"column":9}},"21":{"start":{"line":60,"column":12},"end":{"line":60,"column":32}},"22":{"start":{"line":63,"column":8},"end":{"line":63,"column":22}},"23":{"start":{"line":65,"column":8},"end":{"line":65,"column":64}},"24":{"start":{"line":68,"column":4},"end":{"line":68,"column":34}}},"branchMap":{"1":{"line":35,"type":"if","locations":[{"start":{"line":35,"column":4},"end":{"line":35,"column":4}},{"start":{"line":35,"column":4},"end":{"line":35,"column":4}}]},"2":{"line":45,"type":"if","locations":[{"start":{"line":45,"column":4},"end":{"line":45,"column":4}},{"start":{"line":45,"column":4},"end":{"line":45,"column":4}}]},"3":{"line":51,"type":"if","locations":[{"start":{"line":51,"column":4},"end":{"line":51,"column":4}},{"start":{"line":51,"column":4},"end":{"line":51,"column":4}}]},"4":{"line":59,"type":"if","locations":[{"start":{"line":59,"column":8},"end":{"line":59,"column":8}},{"start":{"line":59,"column":8},"end":{"line":59,"column":8}}]}}},"/Users/phil.booth/Code/boomcatch/src/forwarders/udp.js":{"path":"/Users/phil.booth/Code/boomcatch/src/forwarders/udp.js","s":{"1":38,"2":38,"3":35,"4":1,"5":34,"6":1,"7":102,"8":39,"9":63,"10":1,"11":34,"12":1,"13":34,"14":1,"15":92,"16":92,"17":10,"18":65,"19":81,"20":81,"21":81,"22":4,"23":4,"24":1,"25":65,"26":65,"27":10,"28":10,"29":55,"30":25,"31":40,"32":15,"33":40,"34":1,"35":55,"36":55},"b":{"1":[39,63],"2":[10,81],"3":[92,92],"4":[10,5],"5":[10,55],"6":[25,30],"7":[15,25]},"f":{"1":35,"2":34,"3":102,"4":34,"5":34,"6":92,"7":65,"8":4,"9":65,"10":55},"fnMap":{"1":{"name":"(anonymous_1)","line":25,"loc":{"start":{"line":25,"column":21},"end":{"line":25,"column":40}}},"2":{"name":"normaliseHost","line":29,"loc":{"start":{"line":29,"column":0},"end":{"line":29,"column":30}}},"3":{"name":"normaliseValue","line":33,"loc":{"start":{"line":33,"column":0},"end":{"line":33,"column":52}}},"4":{"name":"normalisePort","line":41,"loc":{"start":{"line":41,"column":0},"end":{"line":41,"column":30}}},"5":{"name":"normaliseSize","line":45,"loc":{"start":{"line":45,"column":0},"end":{"line":45,"column":30}}},"6":{"name":"send","line":49,"loc":{"start":{"line":49,"column":0},"end":{"line":49,"column":60}}},"7":{"name":"(anonymous_7)","line":53,"loc":{"start":{"line":53,"column":66},"end":{"line":53,"column":83}}},"8":{"name":"(anonymous_8)","line":61,"loc":{"start":{"line":61,"column":54},"end":{"line":61,"column":82}}},"9":{"name":"chunkData","line":68,"loc":{"start":{"line":68,"column":0},"end":{"line":68,"column":51}}},"10":{"name":"chunkDataAtIndex","line":87,"loc":{"start":{"line":87,"column":0},"end":{"line":87,"column":69}}}},"statementMap":{"1":{"start":{"line":22,"column":0},"end":{"line":23,"column":27}},"2":{"start":{"line":25,"column":0},"end":{"line":27,"column":2}},"3":{"start":{"line":26,"column":4},"end":{"line":26,"column":123}},"4":{"start":{"line":29,"column":0},"end":{"line":31,"column":1}},"5":{"start":{"line":30,"column":4},"end":{"line":30,"column":62}},"6":{"start":{"line":33,"column":0},"end":{"line":39,"column":1}},"7":{"start":{"line":34,"column":4},"end":{"line":36,"column":5}},"8":{"start":{"line":35,"column":8},"end":{"line":35,"column":21}},"9":{"start":{"line":38,"column":4},"end":{"line":38,"column":24}},"10":{"start":{"line":41,"column":0},"end":{"line":43,"column":1}},"11":{"start":{"line":42,"column":4},"end":{"line":42,"column":56}},"12":{"start":{"line":45,"column":0},"end":{"line":47,"column":1}},"13":{"start":{"line":46,"column":4},"end":{"line":46,"column":55}},"14":{"start":{"line":49,"column":0},"end":{"line":66,"column":1}},"15":{"start":{"line":50,"column":4},"end":{"line":50,"column":23}},"16":{"start":{"line":52,"column":4},"end":{"line":56,"column":5}},"17":{"start":{"line":53,"column":8},"end":{"line":55,"column":11}},"18":{"start":{"line":54,"column":12},"end":{"line":54,"column":63}},"19":{"start":{"line":58,"column":4},"end":{"line":58,"column":38}},"20":{"start":{"line":59,"column":4},"end":{"line":59,"column":30}},"21":{"start":{"line":61,"column":4},"end":{"line":65,"column":7}},"22":{"start":{"line":62,"column":8},"end":{"line":62,"column":23}},"23":{"start":{"line":64,"column":8},"end":{"line":64,"column":35}},"24":{"start":{"line":68,"column":0},"end":{"line":85,"column":1}},"25":{"start":{"line":69,"column":4},"end":{"line":69,"column":10}},"26":{"start":{"line":71,"column":4},"end":{"line":74,"column":5}},"27":{"start":{"line":72,"column":8},"end":{"line":72,"column":26}},"28":{"start":{"line":73,"column":8},"end":{"line":73,"column":22}},"29":{"start":{"line":76,"column":4},"end":{"line":82,"column":5}},"30":{"start":{"line":77,"column":8},"end":{"line":81,"column":9}},"31":{"start":{"line":78,"column":12},"end":{"line":80,"column":13}},"32":{"start":{"line":79,"column":16},"end":{"line":79,"column":92}},"33":{"start":{"line":84,"column":4},"end":{"line":84,"column":68}},"34":{"start":{"line":87,"column":0},"end":{"line":90,"column":1}},"35":{"start":{"line":88,"column":4},"end":{"line":88,"column":42}},"36":{"start":{"line":89,"column":4},"end":{"line":89,"column":75}}},"branchMap":{"1":{"line":34,"type":"if","locations":[{"start":{"line":34,"column":4},"end":{"line":34,"column":4}},{"start":{"line":34,"column":4},"end":{"line":34,"column":4}}]},"2":{"line":52,"type":"if","locations":[{"start":{"line":52,"column":4},"end":{"line":52,"column":4}},{"start":{"line":52,"column":4},"end":{"line":52,"column":4}}]},"3":{"line":52,"type":"binary-expr","locations":[{"start":{"line":52,"column":8},"end":{"line":52,"column":16}},{"start":{"line":52,"column":20},"end":{"line":52,"column":38}}]},"4":{"line":53,"type":"binary-expr","locations":[{"start":{"line":53,"column":37},"end":{"line":53,"column":46}},{"start":{"line":53,"column":50},"end":{"line":53,"column":52}}]},"5":{"line":71,"type":"if","locations":[{"start":{"line":71,"column":4},"end":{"line":71,"column":4}},{"start":{"line":71,"column":4},"end":{"line":71,"column":4}}]},"6":{"line":76,"type":"if","locations":[{"start":{"line":76,"column":4},"end":{"line":76,"column":4}},{"start":{"line":76,"column":4},"end":{"line":76,"column":4}}]},"7":{"line":78,"type":"if","locations":[{"start":{"line":78,"column":12},"end":{"line":78,"column":12}},{"start":{"line":78,"column":12},"end":{"line":78,"column":12}}]}}},"/Users/phil.booth/Code/boomcatch/src/index.js":{"path":"/Users/phil.booth/Code/boomcatch/src/index.js","s":{"1":233,"2":233,"3":230,"4":230,"5":106,"6":124,"7":214,"8":214,"9":214,"10":214,"11":214,"12":214,"13":214,"14":214,"15":214,"16":214,"17":1,"18":106,"19":105,"20":104,"21":103,"22":102,"23":101,"24":100,"25":99,"26":98,"27":90,"28":90,"29":1,"30":99,"31":10,"32":10,"33":89,"34":78,"35":156,"36":11,"37":0,"38":1,"39":98,"40":91,"41":80,"42":79,"43":1,"44":90,"45":90,"46":1,"47":90,"48":90,"49":0,"50":0,"51":0,"52":90,"53":90,"54":90,"55":1,"56":214,"57":1,"58":2568,"59":1,"60":214,"61":1,"62":214,"63":1,"64":214,"65":1,"66":214,"67":1,"68":214,"69":1,"70":214,"71":214,"72":135,"73":79,"74":1,"75":214,"76":1,"77":214,"78":1,"79":856,"80":856,"81":856,"82":856,"83":0,"84":856,"85":856,"86":214,"87":214,"88":856,"89":1,"90":214,"91":1,"92":214,"93":1,"94":214,"95":1,"96":243,"97":243,"98":243,"99":243,"100":5,"101":238,"102":238,"103":8,"104":230,"105":6,"106":224,"107":6,"108":218,"109":218,"110":21,"111":197,"112":197,"113":197,"114":1,"115":243,"116":1,"117":243,"118":118,"119":22,"120":96,"121":125,"122":1,"123":22,"124":44,"125":1,"126":85,"127":85,"128":85,"129":85,"130":85,"131":1,"132":238,"133":238,"134":1,"135":69,"136":6,"137":63,"138":57,"139":6,"140":1,"141":218,"142":218,"143":42,"144":42,"145":42,"146":42,"147":176,"148":1,"149":218,"150":218,"151":106,"152":112,"153":112,"154":112,"155":21,"156":91,"157":91,"158":1,"159":55,"160":13,"161":13,"162":42,"163":1,"164":86,"165":86,"166":86,"167":2,"168":84,"169":51,"170":51,"171":33,"172":33,"173":33,"174":33,"175":33,"176":12,"177":21,"178":77,"179":77,"180":77,"181":6,"182":71,"183":71,"184":7,"185":64,"186":64,"187":15,"188":6,"189":9,"190":20,"191":1,"192":71,"193":1,"194":71,"195":71,"196":71,"197":71,"198":71,"199":71,"200":47,"201":1,"202":142,"203":46,"204":1,"205":71,"206":23,"207":1,"208":71,"209":71,"210":5,"211":71,"212":233,"213":1,"214":91,"215":91,"216":1,"217":91,"218":199,"219":199,"220":130,"221":199,"222":199,"223":140,"224":130,"225":140,"226":1,"227":32,"228":176,"229":176,"230":129,"231":129,"232":176,"233":176,"234":169,"235":169,"236":169,"237":169,"238":129,"239":169,"240":1,"241":25,"242":25,"243":0,"244":0,"245":0,"246":0,"247":0,"248":0,"249":0,"250":0,"251":0,"252":1,"253":71,"254":10,"255":20,"256":20,"257":20,"258":20,"259":20,"260":1,"261":9,"262":9,"263":9},"b":{"1":[106,124],"2":[10,89],"3":[10,0],"4":[10,10],"5":[78,11],"6":[0,11],"7":[80,11],"8":[0,90],"9":[2568,1610],"10":[135,79],"11":[214,642],"12":[5,238],"13":[243,68],"14":[8,230],"15":[6,224],"16":[230,221],"17":[6,218],"18":[224,63],"19":[21,197],"20":[243,22],"21":[243,201],"22":[118,125],"23":[22,96],"24":[118,22],"25":[44,44],"26":[63,175],"27":[6,63],"28":[57,6],"29":[63,24],"30":[42,176],"31":[42,0],"32":[106,112],"33":[21,91],"34":[112,21],"35":[13,42],"36":[55,8,47,47,16],"37":[2,84],"38":[51,33],"39":[33,0],"40":[12,21],"41":[6,71],"42":[7,64],"43":[6,9],"44":[47,24],"45":[71,71,71,71],"46":[46,96],"47":[23,48],"48":[71,23],"49":[5,66],"50":[130,69],"51":[52,147],"52":[130,10],"53":[129,47],"54":[176,136],"55":[80,96],"56":[129,40],"57":[169,129],"58":[0,0],"59":[0,0],"60":[0,0],"61":[10,61],"62":[20,0]},"f":{"1":323,"2":47,"3":230,"4":106,"5":99,"6":156,"7":98,"8":90,"9":90,"10":214,"11":2568,"12":214,"13":214,"14":214,"15":214,"16":214,"17":214,"18":214,"19":214,"20":856,"21":214,"22":214,"23":214,"24":214,"25":243,"26":243,"27":243,"28":22,"29":44,"30":85,"31":238,"32":69,"33":218,"34":42,"35":218,"36":55,"37":86,"38":15,"39":71,"40":71,"41":142,"42":71,"43":71,"44":91,"45":91,"46":199,"47":32,"48":176,"49":25,"50":0,"51":71,"52":20,"53":9},"fnMap":{"1":{"name":"(anonymous_1)","line":36,"loc":{"start":{"line":36,"column":14},"end":{"line":36,"column":26}}},"2":{"name":"(anonymous_2)","line":37,"loc":{"start":{"line":37,"column":15},"end":{"line":37,"column":27}}},"3":{"name":"(anonymous_3)","line":77,"loc":{"start":{"line":77,"column":17},"end":{"line":77,"column":36}}},"4":{"name":"verifyOptions","line":114,"loc":{"start":{"line":114,"column":0},"end":{"line":114,"column":33}}},"5":{"name":"verifyOrigin","line":130,"loc":{"start":{"line":130,"column":0},"end":{"line":130,"column":31}}},"6":{"name":"(anonymous_6)","line":136,"loc":{"start":{"line":136,"column":23},"end":{"line":136,"column":36}}},"7":{"name":"verifyLog","line":144,"loc":{"start":{"line":144,"column":0},"end":{"line":144,"column":25}}},"8":{"name":"verifyMapperOptions","line":153,"loc":{"start":{"line":153,"column":0},"end":{"line":153,"column":39}}},"9":{"name":"verifyForwarderOptions","line":158,"loc":{"start":{"line":158,"column":0},"end":{"line":158,"column":42}}},"10":{"name":"getLog","line":173,"loc":{"start":{"line":173,"column":0},"end":{"line":173,"column":26}}},"11":{"name":"getOption","line":177,"loc":{"start":{"line":177,"column":0},"end":{"line":177,"column":35}}},"12":{"name":"getHost","line":181,"loc":{"start":{"line":181,"column":0},"end":{"line":181,"column":27}}},"13":{"name":"getPort","line":185,"loc":{"start":{"line":185,"column":0},"end":{"line":185,"column":27}}},"14":{"name":"getPath","line":189,"loc":{"start":{"line":189,"column":0},"end":{"line":189,"column":27}}},"15":{"name":"getReferer","line":193,"loc":{"start":{"line":193,"column":0},"end":{"line":193,"column":30}}},"16":{"name":"getOrigin","line":197,"loc":{"start":{"line":197,"column":0},"end":{"line":197,"column":29}}},"17":{"name":"getLimit","line":201,"loc":{"start":{"line":201,"column":0},"end":{"line":201,"column":28}}},"18":{"name":"getMaxSize","line":214,"loc":{"start":{"line":214,"column":0},"end":{"line":214,"column":30}}},"19":{"name":"getValidator","line":218,"loc":{"start":{"line":218,"column":0},"end":{"line":218,"column":32}}},"20":{"name":"getExtension","line":222,"loc":{"start":{"line":222,"column":0},"end":{"line":222,"column":50}}},"21":{"name":"(anonymous_21)","line":236,"loc":{"start":{"line":236,"column":27},"end":{"line":236,"column":47}}},"22":{"name":"getFilter","line":244,"loc":{"start":{"line":244,"column":0},"end":{"line":244,"column":29}}},"23":{"name":"getMapper","line":248,"loc":{"start":{"line":248,"column":0},"end":{"line":248,"column":29}}},"24":{"name":"getForwarder","line":252,"loc":{"start":{"line":252,"column":0},"end":{"line":252,"column":32}}},"25":{"name":"handleRequest","line":256,"loc":{"start":{"line":256,"column":0},"end":{"line":256,"column":125}}},"26":{"name":"logRequest","line":295,"loc":{"start":{"line":295,"column":0},"end":{"line":295,"column":35}}},"27":{"name":"getAccessControlOrigin","line":304,"loc":{"start":{"line":304,"column":0},"end":{"line":304,"column":50}}},"28":{"name":"contains","line":316,"loc":{"start":{"line":316,"column":0},"end":{"line":316,"column":33}}},"29":{"name":"(anonymous_29)","line":317,"loc":{"start":{"line":317,"column":24},"end":{"line":317,"column":52}}},"30":{"name":"fail","line":322,"loc":{"start":{"line":322,"column":0},"end":{"line":322,"column":56}}},"31":{"name":"getRequestPath","line":331,"loc":{"start":{"line":331,"column":0},"end":{"line":331,"column":34}}},"32":{"name":"isValidContentType","line":337,"loc":{"start":{"line":337,"column":0},"end":{"line":337,"column":42}}},"33":{"name":"getRemoteAddress","line":349,"loc":{"start":{"line":349,"column":0},"end":{"line":349,"column":36}}},"34":{"name":"(anonymous_34)","line":353,"loc":{"start":{"line":353,"column":60},"end":{"line":353,"column":79}}},"35":{"name":"checkLimit","line":365,"loc":{"start":{"line":365,"column":0},"end":{"line":365,"column":43}}},"36":{"name":"receive","line":384,"loc":{"start":{"line":384,"column":0},"end":{"line":384,"column":64}}},"37":{"name":"send","line":396,"loc":{"start":{"line":396,"column":0},"end":{"line":396,"column":99}}},"38":{"name":"(anonymous_38)","line":437,"loc":{"start":{"line":437,"column":48},"end":{"line":437,"column":76}}},"39":{"name":"normaliseData","line":449,"loc":{"start":{"line":449,"column":0},"end":{"line":449,"column":30}}},"40":{"name":"normaliseRtData","line":458,"loc":{"start":{"line":458,"column":0},"end":{"line":458,"column":32}}},"41":{"name":"getOptionalDatum","line":489,"loc":{"start":{"line":489,"column":0},"end":{"line":489,"column":38}}},"42":{"name":"getOptionalSum","line":495,"loc":{"start":{"line":495,"column":0},"end":{"line":495,"column":43}}},"43":{"name":"normaliseNavtimingData","line":501,"loc":{"start":{"line":501,"column":0},"end":{"line":501,"column":39}}},"44":{"name":"normaliseCategory","line":550,"loc":{"start":{"line":550,"column":0},"end":{"line":550,"column":49}}},"45":{"name":"normaliseTimestamps","line":561,"loc":{"start":{"line":561,"column":0},"end":{"line":561,"column":41}}},"46":{"name":"(anonymous_46)","line":562,"loc":{"start":{"line":562,"column":33},"end":{"line":562,"column":62}}},"47":{"name":"normaliseEvents","line":580,"loc":{"start":{"line":580,"column":0},"end":{"line":580,"column":37}}},"48":{"name":"(anonymous_48)","line":581,"loc":{"start":{"line":581,"column":29},"end":{"line":581,"column":54}}},"49":{"name":"normaliseDurations","line":606,"loc":{"start":{"line":606,"column":0},"end":{"line":606,"column":50}}},"50":{"name":"(anonymous_50)","line":609,"loc":{"start":{"line":609,"column":32},"end":{"line":609,"column":60}}},"51":{"name":"normaliseRestimingData","line":628,"loc":{"start":{"line":628,"column":0},"end":{"line":628,"column":39}}},"52":{"name":"(anonymous_52)","line":631,"loc":{"start":{"line":631,"column":34},"end":{"line":631,"column":51}}},"53":{"name":"pass","line":644,"loc":{"start":{"line":644,"column":0},"end":{"line":644,"column":45}}}},"statementMap":{"1":{"start":{"line":22,"column":0},"end":{"line":45,"column":18}},"2":{"start":{"line":77,"column":0},"end":{"line":112,"column":2}},"3":{"start":{"line":78,"column":4},"end":{"line":78,"column":68}},"4":{"start":{"line":80,"column":4},"end":{"line":84,"column":5}},"5":{"start":{"line":81,"column":8},"end":{"line":81,"column":31}},"6":{"start":{"line":83,"column":8},"end":{"line":83,"column":21}},"7":{"start":{"line":86,"column":4},"end":{"line":86,"column":26}},"8":{"start":{"line":87,"column":4},"end":{"line":87,"column":28}},"9":{"start":{"line":88,"column":4},"end":{"line":88,"column":28}},"10":{"start":{"line":89,"column":4},"end":{"line":89,"column":28}},"11":{"start":{"line":90,"column":4},"end":{"line":90,"column":38}},"12":{"start":{"line":91,"column":4},"end":{"line":91,"column":32}},"13":{"start":{"line":92,"column":4},"end":{"line":92,"column":32}},"14":{"start":{"line":93,"column":4},"end":{"line":93,"column":38}},"15":{"start":{"line":95,"column":4},"end":{"line":95,"column":58}},"16":{"start":{"line":97,"column":4},"end":{"line":111,"column":25}},"17":{"start":{"line":114,"column":0},"end":{"line":128,"column":1}},"18":{"start":{"line":115,"column":4},"end":{"line":115,"column":67}},"19":{"start":{"line":116,"column":4},"end":{"line":116,"column":68}},"20":{"start":{"line":117,"column":4},"end":{"line":117,"column":67}},"21":{"start":{"line":118,"column":4},"end":{"line":118,"column":76}},"22":{"start":{"line":119,"column":4},"end":{"line":119,"column":70}},"23":{"start":{"line":120,"column":4},"end":{"line":120,"column":75}},"24":{"start":{"line":121,"column":4},"end":{"line":121,"column":77}},"25":{"start":{"line":123,"column":4},"end":{"line":123,"column":33}},"26":{"start":{"line":124,"column":4},"end":{"line":124,"column":27}},"27":{"start":{"line":126,"column":4},"end":{"line":126,"column":33}},"28":{"start":{"line":127,"column":4},"end":{"line":127,"column":36}},"29":{"start":{"line":130,"column":0},"end":{"line":142,"column":1}},"30":{"start":{"line":131,"column":4},"end":{"line":141,"column":5}},"31":{"start":{"line":132,"column":8},"end":{"line":134,"column":9}},"32":{"start":{"line":133,"column":12},"end":{"line":133,"column":73}},"33":{"start":{"line":135,"column":11},"end":{"line":141,"column":5}},"34":{"start":{"line":136,"column":8},"end":{"line":138,"column":11}},"35":{"start":{"line":137,"column":12},"end":{"line":137,"column":68}},"36":{"start":{"line":139,"column":11},"end":{"line":141,"column":5}},"37":{"start":{"line":140,"column":8},"end":{"line":140,"column":57}},"38":{"start":{"line":144,"column":0},"end":{"line":151,"column":1}},"39":{"start":{"line":145,"column":4},"end":{"line":145,"column":57}},"40":{"start":{"line":147,"column":4},"end":{"line":150,"column":5}},"41":{"start":{"line":148,"column":8},"end":{"line":148,"column":63}},"42":{"start":{"line":149,"column":8},"end":{"line":149,"column":65}},"43":{"start":{"line":153,"column":0},"end":{"line":156,"column":1}},"44":{"start":{"line":154,"column":4},"end":{"line":154,"column":76}},"45":{"start":{"line":155,"column":4},"end":{"line":155,"column":78}},"46":{"start":{"line":158,"column":0},"end":{"line":171,"column":1}},"47":{"start":{"line":159,"column":4},"end":{"line":159,"column":77}},"48":{"start":{"line":161,"column":4},"end":{"line":170,"column":5}},"49":{"start":{"line":163,"column":12},"end":{"line":163,"column":74}},"50":{"start":{"line":164,"column":12},"end":{"line":164,"column":93}},"51":{"start":{"line":165,"column":12},"end":{"line":165,"column":18}},"52":{"start":{"line":167,"column":12},"end":{"line":167,"column":89}},"53":{"start":{"line":168,"column":12},"end":{"line":168,"column":90}},"54":{"start":{"line":169,"column":12},"end":{"line":169,"column":97}},"55":{"start":{"line":173,"column":0},"end":{"line":175,"column":1}},"56":{"start":{"line":174,"column":4},"end":{"line":174,"column":37}},"57":{"start":{"line":177,"column":0},"end":{"line":179,"column":1}},"58":{"start":{"line":178,"column":4},"end":{"line":178,"column":43}},"59":{"start":{"line":181,"column":0},"end":{"line":183,"column":1}},"60":{"start":{"line":182,"column":4},"end":{"line":182,"column":38}},"61":{"start":{"line":185,"column":0},"end":{"line":187,"column":1}},"62":{"start":{"line":186,"column":4},"end":{"line":186,"column":38}},"63":{"start":{"line":189,"column":0},"end":{"line":191,"column":1}},"64":{"start":{"line":190,"column":4},"end":{"line":190,"column":38}},"65":{"start":{"line":193,"column":0},"end":{"line":195,"column":1}},"66":{"start":{"line":194,"column":4},"end":{"line":194,"column":41}},"67":{"start":{"line":197,"column":0},"end":{"line":199,"column":1}},"68":{"start":{"line":198,"column":4},"end":{"line":198,"column":40}},"69":{"start":{"line":201,"column":0},"end":{"line":212,"column":1}},"70":{"start":{"line":202,"column":4},"end":{"line":202,"column":44}},"71":{"start":{"line":204,"column":4},"end":{"line":206,"column":5}},"72":{"start":{"line":205,"column":8},"end":{"line":205,"column":20}},"73":{"start":{"line":208,"column":4},"end":{"line":211,"column":6}},"74":{"start":{"line":214,"column":0},"end":{"line":216,"column":1}},"75":{"start":{"line":215,"column":4},"end":{"line":215,"column":41}},"76":{"start":{"line":218,"column":0},"end":{"line":220,"column":1}},"77":{"start":{"line":219,"column":4},"end":{"line":219,"column":46}},"78":{"start":{"line":222,"column":0},"end":{"line":242,"column":1}},"79":{"start":{"line":223,"column":4},"end":{"line":223,"column":32}},"80":{"start":{"line":225,"column":4},"end":{"line":225,"column":36}},"81":{"start":{"line":227,"column":4},"end":{"line":231,"column":5}},"82":{"start":{"line":228,"column":8},"end":{"line":228,"column":55}},"83":{"start":{"line":230,"column":8},"end":{"line":230,"column":34}},"84":{"start":{"line":233,"column":4},"end":{"line":233,"column":43}},"85":{"start":{"line":235,"column":4},"end":{"line":239,"column":5}},"86":{"start":{"line":236,"column":8},"end":{"line":238,"column":11}},"87":{"start":{"line":237,"column":12},"end":{"line":237,"column":51}},"88":{"start":{"line":241,"column":4},"end":{"line":241,"column":18}},"89":{"start":{"line":244,"column":0},"end":{"line":246,"column":1}},"90":{"start":{"line":245,"column":4},"end":{"line":245,"column":43}},"91":{"start":{"line":248,"column":0},"end":{"line":250,"column":1}},"92":{"start":{"line":249,"column":4},"end":{"line":249,"column":58}},"93":{"start":{"line":252,"column":0},"end":{"line":254,"column":1}},"94":{"start":{"line":253,"column":4},"end":{"line":253,"column":46}},"95":{"start":{"line":256,"column":0},"end":{"line":293,"column":1}},"96":{"start":{"line":257,"column":4},"end":{"line":257,"column":42}},"97":{"start":{"line":259,"column":4},"end":{"line":259,"column":29}},"98":{"start":{"line":261,"column":4},"end":{"line":261,"column":103}},"99":{"start":{"line":263,"column":4},"end":{"line":265,"column":5}},"100":{"start":{"line":264,"column":8},"end":{"line":264,"column":92}},"101":{"start":{"line":267,"column":4},"end":{"line":267,"column":42}},"102":{"start":{"line":269,"column":4},"end":{"line":271,"column":5}},"103":{"start":{"line":270,"column":8},"end":{"line":270,"column":87}},"104":{"start":{"line":273,"column":4},"end":{"line":275,"column":5}},"105":{"start":{"line":274,"column":8},"end":{"line":274,"column":102}},"106":{"start":{"line":277,"column":4},"end":{"line":279,"column":5}},"107":{"start":{"line":278,"column":8},"end":{"line":278,"column":115}},"108":{"start":{"line":281,"column":4},"end":{"line":281,"column":46}},"109":{"start":{"line":283,"column":4},"end":{"line":285,"column":5}},"110":{"start":{"line":284,"column":8},"end":{"line":284,"column":87}},"111":{"start":{"line":287,"column":4},"end":{"line":289,"column":6}},"112":{"start":{"line":291,"column":4},"end":{"line":291,"column":83}},"113":{"start":{"line":292,"column":4},"end":{"line":292,"column":123}},"114":{"start":{"line":295,"column":0},"end":{"line":302,"column":1}},"115":{"start":{"line":296,"column":4},"end":{"line":301,"column":6}},"116":{"start":{"line":304,"column":0},"end":{"line":314,"column":1}},"117":{"start":{"line":305,"column":4},"end":{"line":311,"column":5}},"118":{"start":{"line":306,"column":8},"end":{"line":308,"column":9}},"119":{"start":{"line":307,"column":12},"end":{"line":307,"column":34}},"120":{"start":{"line":310,"column":8},"end":{"line":310,"column":22}},"121":{"start":{"line":313,"column":4},"end":{"line":313,"column":18}},"122":{"start":{"line":316,"column":0},"end":{"line":320,"column":1}},"123":{"start":{"line":317,"column":4},"end":{"line":319,"column":14}},"124":{"start":{"line":318,"column":8},"end":{"line":318,"column":44}},"125":{"start":{"line":322,"column":0},"end":{"line":329,"column":1}},"126":{"start":{"line":323,"column":4},"end":{"line":323,"column":38}},"127":{"start":{"line":325,"column":4},"end":{"line":325,"column":33}},"128":{"start":{"line":326,"column":4},"end":{"line":326,"column":59}},"129":{"start":{"line":327,"column":4},"end":{"line":327,"column":51}},"130":{"start":{"line":328,"column":4},"end":{"line":328,"column":29}},"131":{"start":{"line":331,"column":0},"end":{"line":335,"column":1}},"132":{"start":{"line":332,"column":4},"end":{"line":332,"column":46}},"133":{"start":{"line":334,"column":4},"end":{"line":334,"column":79}},"134":{"start":{"line":337,"column":0},"end":{"line":347,"column":1}},"135":{"start":{"line":338,"column":4},"end":{"line":340,"column":5}},"136":{"start":{"line":339,"column":8},"end":{"line":339,"column":21}},"137":{"start":{"line":342,"column":4},"end":{"line":344,"column":5}},"138":{"start":{"line":343,"column":8},"end":{"line":343,"column":20}},"139":{"start":{"line":346,"column":4},"end":{"line":346,"column":79}},"140":{"start":{"line":349,"column":0},"end":{"line":363,"column":1}},"141":{"start":{"line":350,"column":4},"end":{"line":350,"column":81}},"142":{"start":{"line":352,"column":4},"end":{"line":360,"column":5}},"143":{"start":{"line":353,"column":8},"end":{"line":355,"column":39}},"144":{"start":{"line":354,"column":12},"end":{"line":354,"column":34}},"145":{"start":{"line":357,"column":8},"end":{"line":359,"column":9}},"146":{"start":{"line":358,"column":12},"end":{"line":358,"column":40}},"147":{"start":{"line":362,"column":4},"end":{"line":362,"column":40}},"148":{"start":{"line":365,"column":0},"end":{"line":382,"column":1}},"149":{"start":{"line":366,"column":4},"end":{"line":366,"column":25}},"150":{"start":{"line":368,"column":4},"end":{"line":370,"column":5}},"151":{"start":{"line":369,"column":8},"end":{"line":369,"column":20}},"152":{"start":{"line":372,"column":4},"end":{"line":372,"column":21}},"153":{"start":{"line":373,"column":4},"end":{"line":373,"column":48}},"154":{"start":{"line":375,"column":4},"end":{"line":377,"column":5}},"155":{"start":{"line":376,"column":8},"end":{"line":376,"column":21}},"156":{"start":{"line":379,"column":4},"end":{"line":379,"column":40}},"157":{"start":{"line":381,"column":4},"end":{"line":381,"column":16}},"158":{"start":{"line":384,"column":0},"end":{"line":394,"column":1}},"159":{"start":{"line":385,"column":4},"end":{"line":391,"column":5}},"160":{"start":{"line":389,"column":8},"end":{"line":389,"column":28}},"161":{"start":{"line":390,"column":8},"end":{"line":390,"column":67}},"162":{"start":{"line":393,"column":4},"end":{"line":393,"column":23}},"163":{"start":{"line":396,"column":0},"end":{"line":447,"column":1}},"164":{"start":{"line":397,"column":4},"end":{"line":446,"column":5}},"165":{"start":{"line":398,"column":8},"end":{"line":398,"column":64}},"166":{"start":{"line":400,"column":8},"end":{"line":402,"column":9}},"167":{"start":{"line":401,"column":12},"end":{"line":401,"column":19}},"168":{"start":{"line":404,"column":8},"end":{"line":421,"column":9}},"169":{"start":{"line":405,"column":12},"end":{"line":405,"column":32}},"170":{"start":{"line":406,"column":12},"end":{"line":406,"column":58}},"171":{"start":{"line":408,"column":12},"end":{"line":408,"column":32}},"172":{"start":{"line":410,"column":12},"end":{"line":412,"column":13}},"173":{"start":{"line":411,"column":16},"end":{"line":411,"column":50}},"174":{"start":{"line":414,"column":12},"end":{"line":414,"column":56}},"175":{"start":{"line":416,"column":12},"end":{"line":420,"column":13}},"176":{"start":{"line":417,"column":16},"end":{"line":417,"column":46}},"177":{"start":{"line":419,"column":16},"end":{"line":419,"column":44}},"178":{"start":{"line":423,"column":8},"end":{"line":423,"column":42}},"179":{"start":{"line":424,"column":8},"end":{"line":424,"column":50}},"180":{"start":{"line":426,"column":8},"end":{"line":428,"column":9}},"181":{"start":{"line":427,"column":12},"end":{"line":427,"column":23}},"182":{"start":{"line":430,"column":8},"end":{"line":430,"column":92}},"183":{"start":{"line":431,"column":8},"end":{"line":433,"column":9}},"184":{"start":{"line":432,"column":12},"end":{"line":432,"column":23}},"185":{"start":{"line":435,"column":8},"end":{"line":435,"column":42}},"186":{"start":{"line":437,"column":8},"end":{"line":443,"column":11}},"187":{"start":{"line":438,"column":12},"end":{"line":440,"column":13}},"188":{"start":{"line":439,"column":16},"end":{"line":439,"column":64}},"189":{"start":{"line":442,"column":12},"end":{"line":442,"column":58}},"190":{"start":{"line":445,"column":8},"end":{"line":445,"column":58}},"191":{"start":{"line":449,"column":0},"end":{"line":456,"column":1}},"192":{"start":{"line":451,"column":4},"end":{"line":455,"column":6}},"193":{"start":{"line":458,"column":0},"end":{"line":487,"column":1}},"194":{"start":{"line":461,"column":4},"end":{"line":461,"column":59}},"195":{"start":{"line":463,"column":4},"end":{"line":463,"column":48}},"196":{"start":{"line":464,"column":4},"end":{"line":464,"column":55}},"197":{"start":{"line":465,"column":4},"end":{"line":465,"column":62}},"198":{"start":{"line":466,"column":4},"end":{"line":466,"column":39}},"199":{"start":{"line":468,"column":4},"end":{"line":486,"column":5}},"200":{"start":{"line":474,"column":8},"end":{"line":485,"column":10}},"201":{"start":{"line":489,"column":0},"end":{"line":493,"column":1}},"202":{"start":{"line":490,"column":4},"end":{"line":492,"column":5}},"203":{"start":{"line":491,"column":8},"end":{"line":491,"column":35}},"204":{"start":{"line":495,"column":0},"end":{"line":499,"column":1}},"205":{"start":{"line":496,"column":4},"end":{"line":498,"column":5}},"206":{"start":{"line":497,"column":8},"end":{"line":497,"column":59}},"207":{"start":{"line":501,"column":0},"end":{"line":510,"column":1}},"208":{"start":{"line":503,"column":4},"end":{"line":503,"column":83}},"209":{"start":{"line":505,"column":4},"end":{"line":507,"column":5}},"210":{"start":{"line":506,"column":8},"end":{"line":506,"column":39}},"211":{"start":{"line":509,"column":4},"end":{"line":509,"column":18}},"212":{"start":{"line":512,"column":0},"end":{"line":548,"column":2}},"213":{"start":{"line":550,"column":0},"end":{"line":559,"column":1}},"214":{"start":{"line":551,"column":4},"end":{"line":558,"column":5}},"215":{"start":{"line":552,"column":8},"end":{"line":556,"column":10}},"216":{"start":{"line":561,"column":0},"end":{"line":578,"column":1}},"217":{"start":{"line":562,"column":4},"end":{"line":577,"column":11}},"218":{"start":{"line":563,"column":8},"end":{"line":563,"column":26}},"219":{"start":{"line":565,"column":8},"end":{"line":567,"column":9}},"220":{"start":{"line":566,"column":12},"end":{"line":566,"column":50}},"221":{"start":{"line":569,"column":8},"end":{"line":569,"column":72}},"222":{"start":{"line":570,"column":8},"end":{"line":570,"column":37}},"223":{"start":{"line":572,"column":8},"end":{"line":574,"column":9}},"224":{"start":{"line":573,"column":12},"end":{"line":573,"column":43}},"225":{"start":{"line":576,"column":8},"end":{"line":576,"column":22}},"226":{"start":{"line":580,"column":0},"end":{"line":604,"column":1}},"227":{"start":{"line":581,"column":4},"end":{"line":603,"column":11}},"228":{"start":{"line":582,"column":8},"end":{"line":582,"column":31}},"229":{"start":{"line":584,"column":8},"end":{"line":587,"column":9}},"230":{"start":{"line":585,"column":12},"end":{"line":585,"column":48}},"231":{"start":{"line":586,"column":12},"end":{"line":586,"column":44}},"232":{"start":{"line":589,"column":8},"end":{"line":589,"column":68}},"233":{"start":{"line":590,"column":8},"end":{"line":590,"column":29}},"234":{"start":{"line":591,"column":8},"end":{"line":591,"column":47}},"235":{"start":{"line":592,"column":8},"end":{"line":592,"column":27}},"236":{"start":{"line":593,"column":8},"end":{"line":593,"column":45}},"237":{"start":{"line":595,"column":8},"end":{"line":600,"column":9}},"238":{"start":{"line":596,"column":12},"end":{"line":599,"column":14}},"239":{"start":{"line":602,"column":8},"end":{"line":602,"column":22}},"240":{"start":{"line":606,"column":0},"end":{"line":626,"column":1}},"241":{"start":{"line":607,"column":4},"end":{"line":607,"column":41}},"242":{"start":{"line":609,"column":4},"end":{"line":625,"column":11}},"243":{"start":{"line":610,"column":8},"end":{"line":610,"column":26}},"244":{"start":{"line":612,"column":8},"end":{"line":614,"column":9}},"245":{"start":{"line":613,"column":12},"end":{"line":613,"column":57}},"246":{"start":{"line":616,"column":8},"end":{"line":616,"column":71}},"247":{"start":{"line":617,"column":8},"end":{"line":617,"column":29}},"248":{"start":{"line":618,"column":8},"end":{"line":618,"column":47}},"249":{"start":{"line":620,"column":8},"end":{"line":622,"column":9}},"250":{"start":{"line":621,"column":12},"end":{"line":621,"column":42}},"251":{"start":{"line":624,"column":8},"end":{"line":624,"column":22}},"252":{"start":{"line":628,"column":0},"end":{"line":642,"column":1}},"253":{"start":{"line":630,"column":4},"end":{"line":641,"column":5}},"254":{"start":{"line":631,"column":8},"end":{"line":640,"column":11}},"255":{"start":{"line":632,"column":12},"end":{"line":632,"column":88}},"256":{"start":{"line":634,"column":12},"end":{"line":637,"column":13}},"257":{"start":{"line":635,"column":16},"end":{"line":635,"column":44}},"258":{"start":{"line":636,"column":16},"end":{"line":636,"column":47}},"259":{"start":{"line":639,"column":12},"end":{"line":639,"column":26}},"260":{"start":{"line":644,"column":0},"end":{"line":649,"column":1}},"261":{"start":{"line":645,"column":4},"end":{"line":645,"column":41}},"262":{"start":{"line":647,"column":4},"end":{"line":647,"column":33}},"263":{"start":{"line":648,"column":4},"end":{"line":648,"column":19}}},"branchMap":{"1":{"line":80,"type":"if","locations":[{"start":{"line":80,"column":4},"end":{"line":80,"column":4}},{"start":{"line":80,"column":4},"end":{"line":80,"column":4}}]},"2":{"line":131,"type":"if","locations":[{"start":{"line":131,"column":4},"end":{"line":131,"column":4}},{"start":{"line":131,"column":4},"end":{"line":131,"column":4}}]},"3":{"line":132,"type":"if","locations":[{"start":{"line":132,"column":8},"end":{"line":132,"column":8}},{"start":{"line":132,"column":8},"end":{"line":132,"column":8}}]},"4":{"line":132,"type":"binary-expr","locations":[{"start":{"line":132,"column":12},"end":{"line":132,"column":26}},{"start":{"line":132,"column":30},"end":{"line":132,"column":47}}]},"5":{"line":135,"type":"if","locations":[{"start":{"line":135,"column":11},"end":{"line":135,"column":11}},{"start":{"line":135,"column":11},"end":{"line":135,"column":11}}]},"6":{"line":139,"type":"if","locations":[{"start":{"line":139,"column":11},"end":{"line":139,"column":11}},{"start":{"line":139,"column":11},"end":{"line":139,"column":11}}]},"7":{"line":147,"type":"if","locations":[{"start":{"line":147,"column":4},"end":{"line":147,"column":4}},{"start":{"line":147,"column":4},"end":{"line":147,"column":4}}]},"8":{"line":161,"type":"switch","locations":[{"start":{"line":162,"column":8},"end":{"line":165,"column":18}},{"start":{"line":166,"column":8},"end":{"line":169,"column":97}}]},"9":{"line":178,"type":"binary-expr","locations":[{"start":{"line":178,"column":11},"end":{"line":178,"column":24}},{"start":{"line":178,"column":28},"end":{"line":178,"column":42}}]},"10":{"line":204,"type":"if","locations":[{"start":{"line":204,"column":4},"end":{"line":204,"column":4}},{"start":{"line":204,"column":4},"end":{"line":204,"column":4}}]},"11":{"line":235,"type":"if","locations":[{"start":{"line":235,"column":4},"end":{"line":235,"column":4}},{"start":{"line":235,"column":4},"end":{"line":235,"column":4}}]},"12":{"line":263,"type":"if","locations":[{"start":{"line":263,"column":4},"end":{"line":263,"column":4}},{"start":{"line":263,"column":4},"end":{"line":263,"column":4}}]},"13":{"line":263,"type":"binary-expr","locations":[{"start":{"line":263,"column":8},"end":{"line":263,"column":32}},{"start":{"line":263,"column":36},"end":{"line":263,"column":61}}]},"14":{"line":269,"type":"if","locations":[{"start":{"line":269,"column":4},"end":{"line":269,"column":4}},{"start":{"line":269,"column":4},"end":{"line":269,"column":4}}]},"15":{"line":273,"type":"if","locations":[{"start":{"line":273,"column":4},"end":{"line":273,"column":4}},{"start":{"line":273,"column":4},"end":{"line":273,"column":4}}]},"16":{"line":273,"type":"binary-expr","locations":[{"start":{"line":273,"column":8},"end":{"line":273,"column":52}},{"start":{"line":273,"column":56},"end":{"line":273,"column":94}}]},"17":{"line":277,"type":"if","locations":[{"start":{"line":277,"column":4},"end":{"line":277,"column":4}},{"start":{"line":277,"column":4},"end":{"line":277,"column":4}}]},"18":{"line":277,"type":"binary-expr","locations":[{"start":{"line":277,"column":8},"end":{"line":277,"column":33}},{"start":{"line":277,"column":37},"end":{"line":277,"column":89}}]},"19":{"line":283,"type":"if","locations":[{"start":{"line":283,"column":4},"end":{"line":283,"column":4}},{"start":{"line":283,"column":4},"end":{"line":283,"column":4}}]},"20":{"line":297,"type":"binary-expr","locations":[{"start":{"line":297,"column":22},"end":{"line":297,"column":45}},{"start":{"line":297,"column":49},"end":{"line":297,"column":51}}]},"21":{"line":298,"type":"binary-expr","locations":[{"start":{"line":298,"column":59},"end":{"line":298,"column":93}},{"start":{"line":298,"column":97},"end":{"line":298,"column":99}}]},"22":{"line":305,"type":"if","locations":[{"start":{"line":305,"column":4},"end":{"line":305,"column":4}},{"start":{"line":305,"column":4},"end":{"line":305,"column":4}}]},"23":{"line":306,"type":"if","locations":[{"start":{"line":306,"column":8},"end":{"line":306,"column":8}},{"start":{"line":306,"column":8},"end":{"line":306,"column":8}}]},"24":{"line":306,"type":"binary-expr","locations":[{"start":{"line":306,"column":12},"end":{"line":306,"column":26}},{"start":{"line":306,"column":30},"end":{"line":306,"column":62}}]},"25":{"line":318,"type":"binary-expr","locations":[{"start":{"line":318,"column":15},"end":{"line":318,"column":20}},{"start":{"line":318,"column":24},"end":{"line":318,"column":43}}]},"26":{"line":334,"type":"cond-expr","locations":[{"start":{"line":334,"column":31},"end":{"line":334,"column":42}},{"start":{"line":334,"column":45},"end":{"line":334,"column":78}}]},"27":{"line":338,"type":"if","locations":[{"start":{"line":338,"column":4},"end":{"line":338,"column":4}},{"start":{"line":338,"column":4},"end":{"line":338,"column":4}}]},"28":{"line":342,"type":"if","locations":[{"start":{"line":342,"column":4},"end":{"line":342,"column":4}},{"start":{"line":342,"column":4},"end":{"line":342,"column":4}}]},"29":{"line":342,"type":"binary-expr","locations":[{"start":{"line":342,"column":8},"end":{"line":342,"column":59}},{"start":{"line":342,"column":63},"end":{"line":342,"column":91}}]},"30":{"line":352,"type":"if","locations":[{"start":{"line":352,"column":4},"end":{"line":352,"column":4}},{"start":{"line":352,"column":4},"end":{"line":352,"column":4}}]},"31":{"line":357,"type":"if","locations":[{"start":{"line":357,"column":8},"end":{"line":357,"column":8}},{"start":{"line":357,"column":8},"end":{"line":357,"column":8}}]},"32":{"line":368,"type":"if","locations":[{"start":{"line":368,"column":4},"end":{"line":368,"column":4}},{"start":{"line":368,"column":4},"end":{"line":368,"column":4}}]},"33":{"line":375,"type":"if","locations":[{"start":{"line":375,"column":4},"end":{"line":375,"column":4}},{"start":{"line":375,"column":4},"end":{"line":375,"column":4}}]},"34":{"line":375,"type":"binary-expr","locations":[{"start":{"line":375,"column":8},"end":{"line":375,"column":41}},{"start":{"line":375,"column":45},"end":{"line":375,"column":76}}]},"35":{"line":385,"type":"if","locations":[{"start":{"line":385,"column":4},"end":{"line":385,"column":4}},{"start":{"line":385,"column":4},"end":{"line":385,"column":4}}]},"36":{"line":386,"type":"binary-expr","locations":[{"start":{"line":386,"column":9},"end":{"line":386,"column":33}},{"start":{"line":386,"column":37},"end":{"line":386,"column":52}},{"start":{"line":387,"column":9},"end":{"line":387,"column":34}},{"start":{"line":387,"column":38},"end":{"line":387,"column":50}},{"start":{"line":387,"column":54},"end":{"line":387,"column":95}}]},"37":{"line":400,"type":"if","locations":[{"start":{"line":400,"column":8},"end":{"line":400,"column":8}},{"start":{"line":400,"column":8},"end":{"line":400,"column":8}}]},"38":{"line":404,"type":"if","locations":[{"start":{"line":404,"column":8},"end":{"line":404,"column":8}},{"start":{"line":404,"column":8},"end":{"line":404,"column":8}}]},"39":{"line":410,"type":"if","locations":[{"start":{"line":410,"column":12},"end":{"line":410,"column":12}},{"start":{"line":410,"column":12},"end":{"line":410,"column":12}}]},"40":{"line":416,"type":"if","locations":[{"start":{"line":416,"column":12},"end":{"line":416,"column":12}},{"start":{"line":416,"column":12},"end":{"line":416,"column":12}}]},"41":{"line":426,"type":"if","locations":[{"start":{"line":426,"column":8},"end":{"line":426,"column":8}},{"start":{"line":426,"column":8},"end":{"line":426,"column":8}}]},"42":{"line":431,"type":"if","locations":[{"start":{"line":431,"column":8},"end":{"line":431,"column":8}},{"start":{"line":431,"column":8},"end":{"line":431,"column":8}}]},"43":{"line":438,"type":"if","locations":[{"start":{"line":438,"column":12},"end":{"line":438,"column":12}},{"start":{"line":438,"column":12},"end":{"line":438,"column":12}}]},"44":{"line":468,"type":"if","locations":[{"start":{"line":468,"column":4},"end":{"line":468,"column":4}},{"start":{"line":468,"column":4},"end":{"line":468,"column":4}}]},"45":{"line":469,"type":"binary-expr","locations":[{"start":{"line":469,"column":8},"end":{"line":469,"column":41}},{"start":{"line":470,"column":8},"end":{"line":470,"column":51}},{"start":{"line":471,"column":8},"end":{"line":471,"column":50}},{"start":{"line":472,"column":8},"end":{"line":472,"column":40}}]},"46":{"line":490,"type":"if","locations":[{"start":{"line":490,"column":4},"end":{"line":490,"column":4}},{"start":{"line":490,"column":4},"end":{"line":490,"column":4}}]},"47":{"line":496,"type":"if","locations":[{"start":{"line":496,"column":4},"end":{"line":496,"column":4}},{"start":{"line":496,"column":4},"end":{"line":496,"column":4}}]},"48":{"line":496,"type":"binary-expr","locations":[{"start":{"line":496,"column":8},"end":{"line":496,"column":18}},{"start":{"line":496,"column":22},"end":{"line":496,"column":32}}]},"49":{"line":505,"type":"if","locations":[{"start":{"line":505,"column":4},"end":{"line":505,"column":4}},{"start":{"line":505,"column":4},"end":{"line":505,"column":4}}]},"50":{"line":565,"type":"if","locations":[{"start":{"line":565,"column":8},"end":{"line":565,"column":8}},{"start":{"line":565,"column":8},"end":{"line":565,"column":8}}]},"51":{"line":569,"type":"cond-expr","locations":[{"start":{"line":569,"column":38},"end":{"line":569,"column":56}},{"start":{"line":569,"column":59},"end":{"line":569,"column":71}}]},"52":{"line":572,"type":"if","locations":[{"start":{"line":572,"column":8},"end":{"line":572,"column":8}},{"start":{"line":572,"column":8},"end":{"line":572,"column":8}}]},"53":{"line":584,"type":"if","locations":[{"start":{"line":584,"column":8},"end":{"line":584,"column":8}},{"start":{"line":584,"column":8},"end":{"line":584,"column":8}}]},"54":{"line":584,"type":"binary-expr","locations":[{"start":{"line":584,"column":12},"end":{"line":584,"column":29}},{"start":{"line":584,"column":33},"end":{"line":584,"column":48}}]},"55":{"line":589,"type":"cond-expr","locations":[{"start":{"line":589,"column":34},"end":{"line":589,"column":52}},{"start":{"line":589,"column":55},"end":{"line":589,"column":67}}]},"56":{"line":595,"type":"if","locations":[{"start":{"line":595,"column":8},"end":{"line":595,"column":8}},{"start":{"line":595,"column":8},"end":{"line":595,"column":8}}]},"57":{"line":595,"type":"binary-expr","locations":[{"start":{"line":595,"column":12},"end":{"line":595,"column":31}},{"start":{"line":595,"column":35},"end":{"line":595,"column":52}}]},"58":{"line":612,"type":"if","locations":[{"start":{"line":612,"column":8},"end":{"line":612,"column":8}},{"start":{"line":612,"column":8},"end":{"line":612,"column":8}}]},"59":{"line":616,"type":"cond-expr","locations":[{"start":{"line":616,"column":37},"end":{"line":616,"column":55}},{"start":{"line":616,"column":58},"end":{"line":616,"column":70}}]},"60":{"line":620,"type":"if","locations":[{"start":{"line":620,"column":8},"end":{"line":620,"column":8}},{"start":{"line":620,"column":8},"end":{"line":620,"column":8}}]},"61":{"line":630,"type":"if","locations":[{"start":{"line":630,"column":4},"end":{"line":630,"column":4}},{"start":{"line":630,"column":4},"end":{"line":630,"column":4}}]},"62":{"line":634,"type":"if","locations":[{"start":{"line":634,"column":12},"end":{"line":634,"column":12}},{"start":{"line":634,"column":12},"end":{"line":634,"column":12}}]}}},"/Users/phil.booth/Code/boomcatch/src/mappers/har.js":{"path":"/Users/phil.booth/Code/boomcatch/src/mappers/har.js","s":{"1":50,"2":50,"3":46,"4":46,"5":1,"6":42,"7":7,"8":34,"9":1,"10":34,"11":34,"12":1,"13":34,"14":1,"15":93,"16":93,"17":93,"18":1,"19":34,"20":1,"21":34,"22":59,"23":59,"24":413,"25":154,"26":259,"27":1,"28":59,"29":1,"30":59,"31":59,"32":93,"33":1,"34":59,"35":1,"36":59,"37":1,"38":59,"39":1,"40":59,"41":1,"42":177,"43":177,"44":27,"45":150,"46":1,"47":118,"48":118,"49":118,"50":118,"51":18,"52":100},"b":{"1":[7,34],"2":[42,37],"3":[34,9],"4":[34,0],"5":[154,259],"6":[413,354],"7":[27,150],"8":[18,100],"9":[118,100]},"f":{"1":46,"2":42,"3":34,"4":34,"5":93,"6":34,"7":34,"8":59,"9":413,"10":59,"11":59,"12":93,"13":59,"14":59,"15":59,"16":59,"17":177,"18":118},"fnMap":{"1":{"name":"(anonymous_1)","line":29,"loc":{"start":{"line":29,"column":16},"end":{"line":29,"column":39}}},"2":{"name":"map","line":37,"loc":{"start":{"line":37,"column":0},"end":{"line":37,"column":40}}},"3":{"name":"getBrowser","line":58,"loc":{"start":{"line":58,"column":0},"end":{"line":58,"column":32}}},"4":{"name":"getPages","line":67,"loc":{"start":{"line":67,"column":0},"end":{"line":67,"column":32}}},"5":{"name":"getTime","line":78,"loc":{"start":{"line":78,"column":0},"end":{"line":78,"column":28}}},"6":{"name":"getPageTimings","line":84,"loc":{"start":{"line":84,"column":0},"end":{"line":84,"column":31}}},"7":{"name":"getEntries","line":91,"loc":{"start":{"line":91,"column":0},"end":{"line":91,"column":27}}},"8":{"name":"(anonymous_8)","line":92,"loc":{"start":{"line":92,"column":20},"end":{"line":92,"column":37}}},"9":{"name":"(anonymous_9)","line":98,"loc":{"start":{"line":98,"column":46},"end":{"line":98,"column":67}}},"10":{"name":"getRequest","line":113,"loc":{"start":{"line":113,"column":0},"end":{"line":113,"column":27}}},"11":{"name":"getQueryString","line":126,"loc":{"start":{"line":126,"column":0},"end":{"line":126,"column":36}}},"12":{"name":"(anonymous_12)","line":129,"loc":{"start":{"line":129,"column":39},"end":{"line":129,"column":55}}},"13":{"name":"getResponse","line":137,"loc":{"start":{"line":137,"column":0},"end":{"line":137,"column":28}}},"14":{"name":"getContent","line":151,"loc":{"start":{"line":151,"column":0},"end":{"line":151,"column":31}}},"15":{"name":"getCache","line":158,"loc":{"start":{"line":158,"column":0},"end":{"line":158,"column":29}}},"16":{"name":"getTimings","line":162,"loc":{"start":{"line":162,"column":0},"end":{"line":162,"column":27}}},"17":{"name":"getOptionalEventDuration","line":177,"loc":{"start":{"line":177,"column":0},"end":{"line":177,"column":52}}},"18":{"name":"getOptionalEventDifference","line":187,"loc":{"start":{"line":187,"column":0},"end":{"line":187,"column":84}}}},"statementMap":{"1":{"start":{"line":22,"column":0},"end":{"line":26,"column":41}},"2":{"start":{"line":28,"column":0},"end":{"line":35,"column":2}},"3":{"start":{"line":31,"column":8},"end":{"line":31,"column":24}},"4":{"start":{"line":33,"column":8},"end":{"line":33,"column":19}},"5":{"start":{"line":37,"column":0},"end":{"line":56,"column":1}},"6":{"start":{"line":38,"column":4},"end":{"line":40,"column":5}},"7":{"start":{"line":39,"column":8},"end":{"line":39,"column":18}},"8":{"start":{"line":42,"column":4},"end":{"line":55,"column":7}},"9":{"start":{"line":58,"column":0},"end":{"line":65,"column":1}},"10":{"start":{"line":59,"column":4},"end":{"line":59,"column":55}},"11":{"start":{"line":61,"column":4},"end":{"line":64,"column":6}},"12":{"start":{"line":67,"column":0},"end":{"line":76,"column":1}},"13":{"start":{"line":68,"column":4},"end":{"line":75,"column":6}},"14":{"start":{"line":78,"column":0},"end":{"line":82,"column":1}},"15":{"start":{"line":79,"column":4},"end":{"line":79,"column":26}},"16":{"start":{"line":80,"column":4},"end":{"line":80,"column":27}},"17":{"start":{"line":81,"column":4},"end":{"line":81,"column":30}},"18":{"start":{"line":84,"column":0},"end":{"line":89,"column":1}},"19":{"start":{"line":85,"column":4},"end":{"line":88,"column":6}},"20":{"start":{"line":91,"column":0},"end":{"line":111,"column":1}},"21":{"start":{"line":92,"column":4},"end":{"line":110,"column":7}},"22":{"start":{"line":93,"column":8},"end":{"line":93,"column":40}},"23":{"start":{"line":95,"column":8},"end":{"line":109,"column":10}},"24":{"start":{"line":99,"column":16},"end":{"line":101,"column":17}},"25":{"start":{"line":100,"column":20},"end":{"line":100,"column":31}},"26":{"start":{"line":103,"column":16},"end":{"line":103,"column":43}},"27":{"start":{"line":113,"column":0},"end":{"line":124,"column":1}},"28":{"start":{"line":114,"column":4},"end":{"line":123,"column":6}},"29":{"start":{"line":126,"column":0},"end":{"line":135,"column":1}},"30":{"start":{"line":127,"column":4},"end":{"line":127,"column":67}},"31":{"start":{"line":129,"column":4},"end":{"line":134,"column":7}},"32":{"start":{"line":130,"column":8},"end":{"line":133,"column":10}},"33":{"start":{"line":137,"column":0},"end":{"line":149,"column":1}},"34":{"start":{"line":138,"column":4},"end":{"line":148,"column":6}},"35":{"start":{"line":151,"column":0},"end":{"line":156,"column":1}},"36":{"start":{"line":152,"column":4},"end":{"line":155,"column":6}},"37":{"start":{"line":158,"column":0},"end":{"line":160,"column":1}},"38":{"start":{"line":159,"column":4},"end":{"line":159,"column":14}},"39":{"start":{"line":162,"column":0},"end":{"line":175,"column":1}},"40":{"start":{"line":163,"column":4},"end":{"line":174,"column":6}},"41":{"start":{"line":177,"column":0},"end":{"line":185,"column":1}},"42":{"start":{"line":178,"column":4},"end":{"line":178,"column":39}},"43":{"start":{"line":180,"column":4},"end":{"line":182,"column":5}},"44":{"start":{"line":181,"column":8},"end":{"line":181,"column":18}},"45":{"start":{"line":184,"column":4},"end":{"line":184,"column":35}},"46":{"start":{"line":187,"column":0},"end":{"line":198,"column":1}},"47":{"start":{"line":188,"column":4},"end":{"line":188,"column":25}},"48":{"start":{"line":190,"column":4},"end":{"line":190,"column":35}},"49":{"start":{"line":191,"column":4},"end":{"line":191,"column":47}},"50":{"start":{"line":193,"column":4},"end":{"line":195,"column":5}},"51":{"start":{"line":194,"column":8},"end":{"line":194,"column":18}},"52":{"start":{"line":197,"column":4},"end":{"line":197,"column":44}}},"branchMap":{"1":{"line":38,"type":"if","locations":[{"start":{"line":38,"column":4},"end":{"line":38,"column":4}},{"start":{"line":38,"column":4},"end":{"line":38,"column":4}}]},"2":{"line":38,"type":"binary-expr","locations":[{"start":{"line":38,"column":8},"end":{"line":38,"column":23}},{"start":{"line":38,"column":27},"end":{"line":38,"column":42}}]},"3":{"line":52,"type":"binary-expr","locations":[{"start":{"line":52,"column":44},"end":{"line":52,"column":54}},{"start":{"line":52,"column":58},"end":{"line":52,"column":65}}]},"4":{"line":72,"type":"binary-expr","locations":[{"start":{"line":72,"column":19},"end":{"line":72,"column":24}},{"start":{"line":72,"column":28},"end":{"line":72,"column":30}}]},"5":{"line":99,"type":"if","locations":[{"start":{"line":99,"column":16},"end":{"line":99,"column":16}},{"start":{"line":99,"column":16},"end":{"line":99,"column":16}}]},"6":{"line":99,"type":"binary-expr","locations":[{"start":{"line":99,"column":20},"end":{"line":99,"column":34}},{"start":{"line":99,"column":38},"end":{"line":99,"column":77}}]},"7":{"line":180,"type":"if","locations":[{"start":{"line":180,"column":4},"end":{"line":180,"column":4}},{"start":{"line":180,"column":4},"end":{"line":180,"column":4}}]},"8":{"line":193,"type":"if","locations":[{"start":{"line":193,"column":4},"end":{"line":193,"column":4}},{"start":{"line":193,"column":4},"end":{"line":193,"column":4}}]},"9":{"line":193,"type":"binary-expr","locations":[{"start":{"line":193,"column":8},"end":{"line":193,"column":14}},{"start":{"line":193,"column":18},"end":{"line":193,"column":53}}]}}},"/Users/phil.booth/Code/boomcatch/src/mappers/statsd.js":{"path":"/Users/phil.booth/Code/boomcatch/src/mappers/statsd.js","s":{"1":1,"2":1,"3":12,"4":1,"5":11,"6":4,"7":2,"8":2,"9":7,"10":1,"11":7,"12":7,"13":6,"14":6,"15":1,"16":5,"17":6,"18":6,"19":6,"20":1,"21":1,"22":2,"23":1,"24":4,"25":64,"26":1,"27":7,"28":1,"29":7,"30":16,"31":16,"32":16,"33":0,"34":1,"35":22,"36":1,"37":7,"38":6,"39":6,"40":6,"41":0},"b":{"1":[4,7],"2":[2,2],"3":[1,5],"4":[6,0],"5":[16,0],"6":[6,0]},"f":{"1":12,"2":11,"3":7,"4":6,"5":1,"6":2,"7":4,"8":64,"9":7,"10":7,"11":16,"12":22,"13":7,"14":6},"fnMap":{"1":{"name":"(anonymous_1)","line":25,"loc":{"start":{"line":25,"column":16},"end":{"line":25,"column":35}}},"2":{"name":"normalisePrefix","line":31,"loc":{"start":{"line":31,"column":0},"end":{"line":31,"column":34}}},"3":{"name":"map","line":43,"loc":{"start":{"line":43,"column":0},"end":{"line":43,"column":37}}},"4":{"name":"(anonymous_4)","line":46,"loc":{"start":{"line":46,"column":30},"end":{"line":46,"column":50}}},"5":{"name":"mapRestimingMetrics","line":63,"loc":{"start":{"line":63,"column":0},"end":{"line":63,"column":53}}},"6":{"name":"(anonymous_6)","line":64,"loc":{"start":{"line":64,"column":20},"end":{"line":64,"column":47}}},"7":{"name":"base36Encode","line":74,"loc":{"start":{"line":74,"column":0},"end":{"line":74,"column":31}}},"8":{"name":"(anonymous_8)","line":75,"loc":{"start":{"line":75,"column":44},"end":{"line":75,"column":65}}},"9":{"name":"mapMetrics","line":80,"loc":{"start":{"line":80,"column":0},"end":{"line":80,"column":35}}},"10":{"name":"mapEvents","line":84,"loc":{"start":{"line":84,"column":0},"end":{"line":84,"column":34}}},"11":{"name":"(anonymous_11)","line":85,"loc":{"start":{"line":85,"column":40},"end":{"line":85,"column":58}}},"12":{"name":"mapMetric","line":96,"loc":{"start":{"line":96,"column":0},"end":{"line":96,"column":41}}},"13":{"name":"mapDurations","line":100,"loc":{"start":{"line":100,"column":0},"end":{"line":100,"column":37}}},"14":{"name":"(anonymous_14)","line":101,"loc":{"start":{"line":101,"column":43},"end":{"line":101,"column":61}}}},"statementMap":{"1":{"start":{"line":22,"column":0},"end":{"line":22,"column":35}},"2":{"start":{"line":24,"column":0},"end":{"line":29,"column":2}},"3":{"start":{"line":26,"column":8},"end":{"line":26,"column":63}},"4":{"start":{"line":31,"column":0},"end":{"line":41,"column":1}},"5":{"start":{"line":32,"column":4},"end":{"line":38,"column":5}},"6":{"start":{"line":33,"column":8},"end":{"line":35,"column":9}},"7":{"start":{"line":34,"column":12},"end":{"line":34,"column":26}},"8":{"start":{"line":37,"column":8},"end":{"line":37,"column":28}},"9":{"start":{"line":40,"column":4},"end":{"line":40,"column":14}},"10":{"start":{"line":43,"column":0},"end":{"line":61,"column":1}},"11":{"start":{"line":44,"column":4},"end":{"line":44,"column":20}},"12":{"start":{"line":46,"column":4},"end":{"line":58,"column":7}},"13":{"start":{"line":47,"column":8},"end":{"line":47,"column":19}},"14":{"start":{"line":49,"column":8},"end":{"line":53,"column":9}},"15":{"start":{"line":50,"column":12},"end":{"line":50,"column":41}},"16":{"start":{"line":52,"column":12},"end":{"line":52,"column":32}},"17":{"start":{"line":55,"column":8},"end":{"line":57,"column":9}},"18":{"start":{"line":56,"column":12},"end":{"line":56,"column":79}},"19":{"start":{"line":60,"column":4},"end":{"line":60,"column":18}},"20":{"start":{"line":63,"column":0},"end":{"line":72,"column":1}},"21":{"start":{"line":64,"column":4},"end":{"line":71,"column":16}},"22":{"start":{"line":65,"column":8},"end":{"line":70,"column":37}},"23":{"start":{"line":74,"column":0},"end":{"line":78,"column":1}},"24":{"start":{"line":75,"column":4},"end":{"line":77,"column":16}},"25":{"start":{"line":76,"column":8},"end":{"line":76,"column":52}},"26":{"start":{"line":80,"column":0},"end":{"line":82,"column":1}},"27":{"start":{"line":81,"column":4},"end":{"line":81,"column":64}},"28":{"start":{"line":84,"column":0},"end":{"line":94,"column":1}},"29":{"start":{"line":85,"column":4},"end":{"line":93,"column":16}},"30":{"start":{"line":86,"column":8},"end":{"line":86,"column":40}},"31":{"start":{"line":88,"column":8},"end":{"line":90,"column":9}},"32":{"start":{"line":89,"column":12},"end":{"line":89,"column":70}},"33":{"start":{"line":92,"column":8},"end":{"line":92,"column":18}},"34":{"start":{"line":96,"column":0},"end":{"line":98,"column":1}},"35":{"start":{"line":97,"column":4},"end":{"line":97,"column":54}},"36":{"start":{"line":100,"column":0},"end":{"line":110,"column":1}},"37":{"start":{"line":101,"column":4},"end":{"line":109,"column":16}},"38":{"start":{"line":102,"column":8},"end":{"line":102,"column":43}},"39":{"start":{"line":104,"column":8},"end":{"line":106,"column":9}},"40":{"start":{"line":105,"column":12},"end":{"line":105,"column":52}},"41":{"start":{"line":108,"column":8},"end":{"line":108,"column":18}}},"branchMap":{"1":{"line":32,"type":"if","locations":[{"start":{"line":32,"column":4},"end":{"line":32,"column":4}},{"start":{"line":32,"column":4},"end":{"line":32,"column":4}}]},"2":{"line":33,"type":"if","locations":[{"start":{"line":33,"column":8},"end":{"line":33,"column":8}},{"start":{"line":33,"column":8},"end":{"line":33,"column":8}}]},"3":{"line":49,"type":"if","locations":[{"start":{"line":49,"column":8},"end":{"line":49,"column":8}},{"start":{"line":49,"column":8},"end":{"line":49,"column":8}}]},"4":{"line":55,"type":"if","locations":[{"start":{"line":55,"column":8},"end":{"line":55,"column":8}},{"start":{"line":55,"column":8},"end":{"line":55,"column":8}}]},"5":{"line":88,"type":"if","locations":[{"start":{"line":88,"column":8},"end":{"line":88,"column":8}},{"start":{"line":88,"column":8},"end":{"line":88,"column":8}}]},"6":{"line":104,"type":"if","locations":[{"start":{"line":104,"column":8},"end":{"line":104,"column":8}},{"start":{"line":104,"column":8},"end":{"line":104,"column":8}}]}}},"/Users/phil.booth/Code/boomcatch/src/validators/permissive.js":{"path":"/Users/phil.booth/Code/boomcatch/src/validators/permissive.js","s":{"1":1,"2":5,"3":3},"b":{},"f":{"1":5,"2":3},"fnMap":{"1":{"name":"(anonymous_1)","line":22,"loc":{"start":{"line":22,"column":21},"end":{"line":22,"column":33}}},"2":{"name":"(anonymous_2)","line":23,"loc":{"start":{"line":23,"column":11},"end":{"line":23,"column":23}}}},"statementMap":{"1":{"start":{"line":22,"column":0},"end":{"line":24,"column":2}},"2":{"start":{"line":23,"column":4},"end":{"line":23,"column":40}},"3":{"start":{"line":23,"column":25},"end":{"line":23,"column":37}}},"branchMap":{}}}