TN:
SF:/Users/phil.booth/Code/boomcatch/src/filters/unfiltered.js
FN:22,(anonymous_1)
FN:23,(anonymous_2)
FNF:2
FNH:2
FNDA:6,(anonymous_1)
FNDA:4,(anonymous_2)
DA:22,1
DA:23,6
LF:2
LH:2
BRF:0
BRH:0
end_of_record
TN:
SF:/Users/phil.booth/Code/boomcatch/src/forwarders/file.js
FN:26,(anonymous_1)
FN:30,send
FN:35,(anonymous_3)
FNF:3
FNH:3
FNDA:14,(anonymous_1)
FNDA:12,send
FNDA:2,(anonymous_3)
DA:22,17
DA:26,17
DA:27,14
DA:30,1
DA:31,12
DA:36,2
LF:6
LH:6
BRF:0
BRH:0
end_of_record
TN:
SF:/Users/phil.booth/Code/boomcatch/src/forwarders/http.js
FN:26,(anonymous_1)
FN:30,getProtocol
FN:34,normaliseMethod
FN:42,send
FN:58,(anonymous_5)
FNF:5
FNH:5
FNDA:52,(anonymous_1)
FNDA:51,getProtocol
FNDA:49,normaliseMethod
FNDA:38,send
FNDA:20,(anonymous_5)
DA:22,55
DA:26,55
DA:27,52
DA:30,1
DA:31,51
DA:34,1
DA:35,49
DA:36,15
DA:39,34
DA:42,1
DA:43,38
DA:45,38
DA:46,11
DA:49,38
DA:51,37
DA:52,26
DA:53,26
DA:56,37
DA:58,37
DA:59,20
DA:60,6
DA:63,20
DA:65,20
DA:68,37
LF:24
LH:24
BRDA:35,1,0,15
BRDA:35,1,1,34
BRDA:45,2,0,11
BRDA:45,2,1,27
BRDA:51,3,0,26
BRDA:51,3,1,11
BRDA:59,4,0,6
BRDA:59,4,1,14
BRF:8
BRH:8
end_of_record
TN:
SF:/Users/phil.booth/Code/boomcatch/src/forwarders/udp.js
FN:25,(anonymous_1)
FN:29,normaliseHost
FN:33,normaliseValue
FN:41,normalisePort
FN:45,normaliseSize
FN:49,send
FN:53,(anonymous_7)
FN:61,(anonymous_8)
FN:68,chunkData
FN:87,chunkDataAtIndex
FNF:10
FNH:10
FNDA:35,(anonymous_1)
FNDA:34,normaliseHost
FNDA:102,normaliseValue
FNDA:34,normalisePort
FNDA:34,normaliseSize
FNDA:92,send
FNDA:65,(anonymous_7)
FNDA:4,(anonymous_8)
FNDA:65,chunkData
FNDA:55,chunkDataAtIndex
DA:22,38
DA:25,38
DA:26,35
DA:29,1
DA:30,34
DA:33,1
DA:34,102
DA:35,39
DA:38,63
DA:41,1
DA:42,34
DA:45,1
DA:46,34
DA:49,1
DA:50,92
DA:52,92
DA:53,10
DA:54,65
DA:58,81
DA:59,81
DA:61,81
DA:62,4
DA:64,4
DA:68,1
DA:69,65
DA:71,65
DA:72,10
DA:73,10
DA:76,55
DA:77,25
DA:78,40
DA:79,15
DA:84,40
DA:87,1
DA:88,55
DA:89,55
LF:36
LH:36
BRDA:34,1,0,39
BRDA:34,1,1,63
BRDA:52,2,0,10
BRDA:52,2,1,81
BRDA:52,3,0,92
BRDA:52,3,1,92
BRDA:53,4,0,10
BRDA:53,4,1,5
BRDA:71,5,0,10
BRDA:71,5,1,55
BRDA:76,6,0,25
BRDA:76,6,1,30
BRDA:78,7,0,15
BRDA:78,7,1,25
BRF:14
BRH:14
end_of_record
TN:
SF:/Users/phil.booth/Code/boomcatch/src/index.js
FN:37,(anonymous_1)
FN:38,(anonymous_2)
FN:79,(anonymous_3)
FN:116,verifyOptions
FN:132,verifyOrigin
FN:138,(anonymous_6)
FN:146,verifyLog
FN:155,verifyMapperOptions
FN:160,verifyForwarderOptions
FN:178,verifyDirectory
FN:194,getLog
FN:198,getOption
FN:202,getHost
FN:206,getPort
FN:210,getPath
FN:214,getReferer
FN:218,getOrigin
FN:222,getLimit
FN:235,getMaxSize
FN:239,getValidator
FN:243,getExtension
FN:257,(anonymous_22)
FN:265,getFilter
FN:269,getMapper
FN:273,getForwarder
FN:277,handleRequest
FN:316,logRequest
FN:325,getAccessControlOrigin
FN:337,contains
FN:338,(anonymous_30)
FN:343,fail
FN:352,getRequestPath
FN:358,isValidContentType
FN:370,getRemoteAddress
FN:374,(anonymous_35)
FN:386,checkLimit
FN:405,receive
FN:417,send
FN:458,(anonymous_39)
FN:470,normaliseData
FN:479,normaliseRtData
FN:510,getOptionalDatum
FN:516,getOptionalSum
FN:522,normaliseNavtimingData
FN:571,normaliseCategory
FN:582,normaliseTimestamps
FN:583,(anonymous_47)
FN:601,normaliseEvents
FN:602,(anonymous_49)
FN:627,normaliseDurations
FN:630,(anonymous_51)
FN:649,normaliseRestimingData
FN:652,(anonymous_53)
FN:665,pass
FNF:54
FNH:52
FNDA:323,(anonymous_1)
FNDA:47,(anonymous_2)
FNDA:230,(anonymous_3)
FNDA:106,verifyOptions
FNDA:99,verifyOrigin
FNDA:156,(anonymous_6)
FNDA:98,verifyLog
FNDA:90,verifyMapperOptions
FNDA:90,verifyForwarderOptions
FNDA:0,verifyDirectory
FNDA:214,getLog
FNDA:2568,getOption
FNDA:214,getHost
FNDA:214,getPort
FNDA:214,getPath
FNDA:214,getReferer
FNDA:214,getOrigin
FNDA:214,getLimit
FNDA:214,getMaxSize
FNDA:214,getValidator
FNDA:856,getExtension
FNDA:214,(anonymous_22)
FNDA:214,getFilter
FNDA:214,getMapper
FNDA:214,getForwarder
FNDA:243,handleRequest
FNDA:243,logRequest
FNDA:243,getAccessControlOrigin
FNDA:22,contains
FNDA:44,(anonymous_30)
FNDA:85,fail
FNDA:238,getRequestPath
FNDA:69,isValidContentType
FNDA:218,getRemoteAddress
FNDA:42,(anonymous_35)
FNDA:218,checkLimit
FNDA:55,receive
FNDA:86,send
FNDA:15,(anonymous_39)
FNDA:71,normaliseData
FNDA:71,normaliseRtData
FNDA:142,getOptionalDatum
FNDA:71,getOptionalSum
FNDA:71,normaliseNavtimingData
FNDA:91,normaliseCategory
FNDA:91,normaliseTimestamps
FNDA:199,(anonymous_47)
FNDA:32,normaliseEvents
FNDA:176,(anonymous_49)
FNDA:25,normaliseDurations
FNDA:0,(anonymous_51)
FNDA:71,normaliseRestimingData
FNDA:20,(anonymous_53)
FNDA:9,pass
DA:22,233
DA:79,233
DA:80,230
DA:82,230
DA:83,106
DA:85,124
DA:88,214
DA:89,214
DA:90,214
DA:91,214
DA:92,214
DA:93,214
DA:94,214
DA:95,214
DA:97,214
DA:99,214
DA:116,1
DA:117,106
DA:118,105
DA:119,104
DA:120,103
DA:121,102
DA:122,101
DA:123,100
DA:125,99
DA:126,98
DA:128,90
DA:129,90
DA:132,1
DA:133,99
DA:134,10
DA:135,10
DA:137,89
DA:138,78
DA:139,156
DA:141,11
DA:142,0
DA:146,1
DA:147,98
DA:149,91
DA:150,80
DA:151,79
DA:155,1
DA:156,90
DA:157,90
DA:160,1
DA:161,90
DA:163,90
DA:165,0
DA:166,0
DA:168,0
DA:169,0
DA:170,0
DA:172,90
DA:173,90
DA:174,90
DA:178,1
DA:179,0
DA:181,0
DA:183,0
DA:184,0
DA:186,0
DA:187,0
DA:191,0
DA:194,1
DA:195,214
DA:198,1
DA:199,2568
DA:202,1
DA:203,214
DA:206,1
DA:207,214
DA:210,1
DA:211,214
DA:214,1
DA:215,214
DA:218,1
DA:219,214
DA:222,1
DA:223,214
DA:225,214
DA:226,135
DA:229,79
DA:235,1
DA:236,214
DA:239,1
DA:240,214
DA:243,1
DA:244,856
DA:246,856
DA:248,856
DA:249,856
DA:251,0
DA:254,856
DA:256,856
DA:257,214
DA:258,214
DA:262,856
DA:265,1
DA:266,214
DA:269,1
DA:270,214
DA:273,1
DA:274,214
DA:277,1
DA:278,243
DA:280,243
DA:282,243
DA:284,243
DA:285,5
DA:288,238
DA:290,238
DA:291,8
DA:294,230
DA:295,6
DA:298,224
DA:299,6
DA:302,218
DA:304,218
DA:305,21
DA:308,197
DA:312,197
DA:313,197
DA:316,1
DA:317,243
DA:325,1
DA:326,243
DA:327,118
DA:328,22
DA:331,96
DA:334,125
DA:337,1
DA:338,22
DA:339,44
DA:343,1
DA:344,85
DA:346,85
DA:347,85
DA:348,85
DA:349,85
DA:352,1
DA:353,238
DA:355,238
DA:358,1
DA:359,69
DA:360,6
DA:363,63
DA:364,57
DA:367,6
DA:370,1
DA:371,218
DA:373,218
DA:374,42
DA:375,42
DA:378,42
DA:379,42
DA:383,176
DA:386,1
DA:387,218
DA:389,218
DA:390,106
DA:393,112
DA:394,112
DA:396,112
DA:397,21
DA:400,91
DA:402,91
DA:405,1
DA:406,55
DA:410,13
DA:411,13
DA:414,42
DA:417,1
DA:418,86
DA:419,86
DA:421,86
DA:422,2
DA:425,84
DA:426,51
DA:427,51
DA:429,33
DA:431,33
DA:432,33
DA:435,33
DA:437,33
DA:438,12
DA:440,21
DA:444,77
DA:445,77
DA:447,77
DA:448,6
DA:451,71
DA:452,71
DA:453,7
DA:456,64
DA:458,64
DA:459,15
DA:460,6
DA:463,9
DA:466,20
DA:470,1
DA:472,71
DA:479,1
DA:482,71
DA:484,71
DA:485,71
DA:486,71
DA:487,71
DA:489,71
DA:495,47
DA:510,1
DA:511,142
DA:512,46
DA:516,1
DA:517,71
DA:518,23
DA:522,1
DA:524,71
DA:526,71
DA:527,5
DA:530,71
DA:533,233
DA:571,1
DA:572,91
DA:573,91
DA:582,1
DA:583,91
DA:584,199
DA:586,199
DA:587,130
DA:590,199
DA:591,199
DA:593,140
DA:594,130
DA:597,140
DA:601,1
DA:602,32
DA:603,176
DA:605,176
DA:606,129
DA:607,129
DA:610,176
DA:611,176
DA:612,169
DA:613,169
DA:614,169
DA:616,169
DA:617,129
DA:623,169
DA:627,1
DA:628,25
DA:630,25
DA:631,0
DA:633,0
DA:634,0
DA:637,0
DA:638,0
DA:639,0
DA:641,0
DA:642,0
DA:645,0
DA:649,1
DA:651,71
DA:652,10
DA:653,20
DA:655,20
DA:656,20
DA:657,20
DA:660,20
DA:665,1
DA:666,9
DA:668,9
DA:669,9
LF:273
LH:250
BRDA:82,1,0,106
BRDA:82,1,1,124
BRDA:133,2,0,10
BRDA:133,2,1,89
BRDA:134,3,0,10
BRDA:134,3,1,0
BRDA:134,4,0,10
BRDA:134,4,1,10
BRDA:137,5,0,78
BRDA:137,5,1,11
BRDA:141,6,0,0
BRDA:141,6,1,11
BRDA:149,7,0,80
BRDA:149,7,1,11
BRDA:163,8,0,0
BRDA:163,8,1,0
BRDA:163,8,2,90
BRDA:183,9,0,0
BRDA:183,9,1,0
BRDA:186,10,0,0
BRDA:186,10,1,0
BRDA:199,11,0,2568
BRDA:199,11,1,1610
BRDA:225,12,0,135
BRDA:225,12,1,79
BRDA:256,13,0,214
BRDA:256,13,1,642
BRDA:284,14,0,5
BRDA:284,14,1,238
BRDA:284,15,0,243
BRDA:284,15,1,68
BRDA:290,16,0,8
BRDA:290,16,1,230
BRDA:294,17,0,6
BRDA:294,17,1,224
BRDA:294,18,0,230
BRDA:294,18,1,221
BRDA:298,19,0,6
BRDA:298,19,1,218
BRDA:298,20,0,224
BRDA:298,20,1,63
BRDA:304,21,0,21
BRDA:304,21,1,197
BRDA:318,22,0,243
BRDA:318,22,1,22
BRDA:319,23,0,243
BRDA:319,23,1,201
BRDA:326,24,0,118
BRDA:326,24,1,125
BRDA:327,25,0,22
BRDA:327,25,1,96
BRDA:327,26,0,118
BRDA:327,26,1,22
BRDA:339,27,0,44
BRDA:339,27,1,44
BRDA:355,28,0,63
BRDA:355,28,1,175
BRDA:359,29,0,6
BRDA:359,29,1,63
BRDA:363,30,0,57
BRDA:363,30,1,6
BRDA:363,31,0,63
BRDA:363,31,1,24
BRDA:373,32,0,42
BRDA:373,32,1,176
BRDA:378,33,0,42
BRDA:378,33,1,0
BRDA:389,34,0,106
BRDA:389,34,1,112
BRDA:396,35,0,21
BRDA:396,35,1,91
BRDA:396,36,0,112
BRDA:396,36,1,21
BRDA:406,37,0,13
BRDA:406,37,1,42
BRDA:407,38,0,55
BRDA:407,38,1,8
BRDA:407,38,2,47
BRDA:407,38,3,47
BRDA:407,38,4,16
BRDA:421,39,0,2
BRDA:421,39,1,84
BRDA:425,40,0,51
BRDA:425,40,1,33
BRDA:431,41,0,33
BRDA:431,41,1,0
BRDA:437,42,0,12
BRDA:437,42,1,21
BRDA:447,43,0,6
BRDA:447,43,1,71
BRDA:452,44,0,7
BRDA:452,44,1,64
BRDA:459,45,0,6
BRDA:459,45,1,9
BRDA:489,46,0,47
BRDA:489,46,1,24
BRDA:490,47,0,71
BRDA:490,47,1,71
BRDA:490,47,2,71
BRDA:490,47,3,71
BRDA:511,48,0,46
BRDA:511,48,1,96
BRDA:517,49,0,23
BRDA:517,49,1,48
BRDA:517,50,0,71
BRDA:517,50,1,23
BRDA:526,51,0,5
BRDA:526,51,1,66
BRDA:586,52,0,130
BRDA:586,52,1,69
BRDA:590,53,0,52
BRDA:590,53,1,147
BRDA:593,54,0,130
BRDA:593,54,1,10
BRDA:605,55,0,129
BRDA:605,55,1,47
BRDA:605,56,0,176
BRDA:605,56,1,136
BRDA:610,57,0,80
BRDA:610,57,1,96
BRDA:616,58,0,129
BRDA:616,58,1,40
BRDA:616,59,0,169
BRDA:616,59,1,129
BRDA:633,60,0,0
BRDA:633,60,1,0
BRDA:637,61,0,0
BRDA:637,61,1,0
BRDA:641,62,0,0
BRDA:641,62,1,0
BRDA:651,63,0,10
BRDA:651,63,1,61
BRDA:655,64,0,20
BRDA:655,64,1,0
BRF:134
BRH:117
end_of_record
TN:
SF:/Users/phil.booth/Code/boomcatch/src/mappers/har.js
FN:29,(anonymous_1)
FN:37,map
FN:58,getBrowser
FN:67,getPages
FN:78,getTime
FN:84,getPageTimings
FN:91,getEntries
FN:92,(anonymous_8)
FN:98,(anonymous_9)
FN:113,getRequest
FN:126,getQueryString
FN:129,(anonymous_12)
FN:137,getResponse
FN:151,getContent
FN:158,getCache
FN:162,getTimings
FN:177,getOptionalEventDuration
FN:187,getOptionalEventDifference
FNF:18
FNH:18
FNDA:46,(anonymous_1)
FNDA:42,map
FNDA:34,getBrowser
FNDA:34,getPages
FNDA:93,getTime
FNDA:34,getPageTimings
FNDA:34,getEntries
FNDA:59,(anonymous_8)
FNDA:413,(anonymous_9)
FNDA:59,getRequest
FNDA:59,getQueryString
FNDA:93,(anonymous_12)
FNDA:59,getResponse
FNDA:59,getContent
FNDA:59,getCache
FNDA:59,getTimings
FNDA:177,getOptionalEventDuration
FNDA:118,getOptionalEventDifference
DA:22,50
DA:28,50
DA:31,46
DA:33,46
DA:37,1
DA:38,42
DA:39,7
DA:42,34
DA:58,1
DA:59,34
DA:61,34
DA:67,1
DA:68,34
DA:78,1
DA:79,93
DA:80,93
DA:81,93
DA:84,1
DA:85,34
DA:91,1
DA:92,34
DA:93,59
DA:95,59
DA:99,413
DA:100,154
DA:103,259
DA:113,1
DA:114,59
DA:126,1
DA:127,59
DA:129,59
DA:130,93
DA:137,1
DA:138,59
DA:151,1
DA:152,59
DA:158,1
DA:159,59
DA:162,1
DA:163,59
DA:177,1
DA:178,177
DA:180,177
DA:181,27
DA:184,150
DA:187,1
DA:188,118
DA:190,118
DA:191,118
DA:193,118
DA:194,18
DA:197,100
LF:52
LH:52
BRDA:38,1,0,7
BRDA:38,1,1,34
BRDA:38,2,0,42
BRDA:38,2,1,37
BRDA:52,3,0,34
BRDA:52,3,1,9
BRDA:72,4,0,34
BRDA:72,4,1,0
BRDA:99,5,0,154
BRDA:99,5,1,259
BRDA:99,6,0,413
BRDA:99,6,1,354
BRDA:180,7,0,27
BRDA:180,7,1,150
BRDA:193,8,0,18
BRDA:193,8,1,100
BRDA:193,9,0,118
BRDA:193,9,1,100
BRF:18
BRH:17
end_of_record
TN:
SF:/Users/phil.booth/Code/boomcatch/src/mappers/statsd.js
FN:25,(anonymous_1)
FN:31,normalisePrefix
FN:43,map
FN:46,(anonymous_4)
FN:63,mapRestimingMetrics
FN:64,(anonymous_6)
FN:74,base36Encode
FN:75,(anonymous_8)
FN:80,mapMetrics
FN:84,mapEvents
FN:85,(anonymous_11)
FN:96,mapMetric
FN:100,mapDurations
FN:101,(anonymous_14)
FNF:14
FNH:14
FNDA:12,(anonymous_1)
FNDA:11,normalisePrefix
FNDA:7,map
FNDA:6,(anonymous_4)
FNDA:1,mapRestimingMetrics
FNDA:2,(anonymous_6)
FNDA:4,base36Encode
FNDA:64,(anonymous_8)
FNDA:7,mapMetrics
FNDA:7,mapEvents
FNDA:16,(anonymous_11)
FNDA:22,mapMetric
FNDA:7,mapDurations
FNDA:6,(anonymous_14)
DA:22,1
DA:24,1
DA:26,12
DA:31,1
DA:32,11
DA:33,4
DA:34,2
DA:37,2
DA:40,7
DA:43,1
DA:44,7
DA:46,7
DA:47,6
DA:49,6
DA:50,1
DA:52,5
DA:55,6
DA:56,6
DA:60,6
DA:63,1
DA:64,1
DA:65,2
DA:74,1
DA:75,4
DA:76,64
DA:80,1
DA:81,7
DA:84,1
DA:85,7
DA:86,16
DA:88,16
DA:89,16
DA:92,0
DA:96,1
DA:97,22
DA:100,1
DA:101,7
DA:102,6
DA:104,6
DA:105,6
DA:108,0
LF:41
LH:39
BRDA:32,1,0,4
BRDA:32,1,1,7
BRDA:33,2,0,2
BRDA:33,2,1,2
BRDA:49,3,0,1
BRDA:49,3,1,5
BRDA:55,4,0,6
BRDA:55,4,1,0
BRDA:88,5,0,16
BRDA:88,5,1,0
BRDA:104,6,0,6
BRDA:104,6,1,0
BRF:12
BRH:9
end_of_record
TN:
SF:/Users/phil.booth/Code/boomcatch/src/mappers/waterfall.js
FN:23,(anonymous_1)
FN:28,map
FN:36,mapResource
FN:52,mapEvent
FN:56,mapTiming
FN:68,mapRequestTiming
FNF:6
FNH:6
FNDA:28,(anonymous_1)
FNDA:26,map
FNDA:41,mapResource
FNDA:164,mapEvent
FNDA:250,mapTiming
FNDA:41,mapRequestTiming
DA:22,1
DA:24,28
DA:28,1
DA:29,26
DA:30,25
DA:33,1
DA:36,1
DA:37,41
DA:52,1
DA:53,164
DA:56,1
DA:57,250
DA:58,205
DA:65,45
DA:68,1
DA:69,41
DA:71,41
DA:72,32
DA:78,41
LF:19
LH:19
BRDA:29,1,0,25
BRDA:29,1,1,1
BRDA:57,2,0,205
BRDA:57,2,1,45
BRDA:71,3,0,32
BRDA:71,3,1,9
BRDA:71,4,0,41
BRDA:71,4,1,32
BRF:8
BRH:8
end_of_record
TN:
SF:/Users/phil.booth/Code/boomcatch/src/validators/permissive.js
FN:22,(anonymous_1)
FN:23,(anonymous_2)
FNF:2
FNH:2
FNDA:5,(anonymous_1)
FNDA:3,(anonymous_2)
DA:22,1
DA:23,5
LF:2
LH:2
BRF:0
BRH:0
end_of_record
