TN:
SF:/Users/phil.booth/Code/boomcatch/src/filters/unfiltered.js
FN:22,(anonymous_1)
FN:23,(anonymous_2)
FNF:2
FNH:2
FNDA:6,(anonymous_1)
FNDA:4,(anonymous_2)
DA:22,1
DA:23,6
LF:2
LH:2
BRF:0
BRH:0
end_of_record
TN:
SF:/Users/phil.booth/Code/boomcatch/src/forwarders/file.js
FN:26,(anonymous_1)
FN:30,send
FN:36,(anonymous_3)
FNF:3
FNH:3
FNDA:14,(anonymous_1)
FNDA:12,send
FNDA:2,(anonymous_3)
DA:22,17
DA:26,17
DA:27,14
DA:30,1
DA:31,12
DA:32,12
DA:37,2
DA:41,0
LF:8
LH:7
BRF:0
BRH:0
end_of_record
TN:
SF:/Users/phil.booth/Code/boomcatch/src/forwarders/http.js
FN:26,(anonymous_1)
FN:30,getProtocol
FN:34,normaliseMethod
FN:42,send
FN:59,(anonymous_5)
FNF:5
FNH:5
FNDA:52,(anonymous_1)
FNDA:51,getProtocol
FNDA:49,normaliseMethod
FNDA:38,send
FNDA:20,(anonymous_5)
DA:22,55
DA:26,55
DA:27,52
DA:30,1
DA:31,51
DA:34,1
DA:35,49
DA:36,15
DA:39,34
DA:42,1
DA:43,38
DA:45,38
DA:46,38
DA:47,11
DA:50,38
DA:52,37
DA:53,26
DA:54,26
DA:57,37
DA:59,37
DA:60,20
DA:61,6
DA:64,20
DA:66,20
DA:69,37
DA:71,1
LF:26
LH:26
BRDA:35,1,0,15
BRDA:35,1,1,34
BRDA:46,2,0,11
BRDA:46,2,1,27
BRDA:52,3,0,26
BRDA:52,3,1,11
BRDA:60,4,0,6
BRDA:60,4,1,14
BRF:8
BRH:8
end_of_record
TN:
SF:/Users/phil.booth/Code/boomcatch/src/forwarders/udp.js
FN:25,(anonymous_1)
FN:29,normaliseHost
FN:33,normaliseValue
FN:41,normalisePort
FN:45,normaliseSize
FN:49,send
FN:54,(anonymous_7)
FN:62,(anonymous_8)
FN:72,chunkData
FN:91,chunkDataAtIndex
FNF:10
FNH:10
FNDA:35,(anonymous_1)
FNDA:34,normaliseHost
FNDA:102,normaliseValue
FNDA:34,normalisePort
FNDA:34,normaliseSize
FNDA:92,send
FNDA:65,(anonymous_7)
FNDA:4,(anonymous_8)
FNDA:65,chunkData
FNDA:55,chunkDataAtIndex
DA:22,38
DA:25,38
DA:26,35
DA:29,1
DA:30,34
DA:33,1
DA:34,102
DA:35,39
DA:38,63
DA:41,1
DA:42,34
DA:45,1
DA:46,34
DA:49,1
DA:50,92
DA:52,92
DA:53,92
DA:54,10
DA:55,65
DA:59,81
DA:60,81
DA:62,81
DA:63,4
DA:65,4
DA:68,1
DA:72,1
DA:73,65
DA:75,65
DA:76,10
DA:77,10
DA:80,55
DA:81,25
DA:82,40
DA:83,15
DA:88,40
DA:91,1
DA:92,55
DA:93,55
LF:38
LH:38
BRDA:34,1,0,39
BRDA:34,1,1,63
BRDA:53,2,0,10
BRDA:53,2,1,81
BRDA:53,3,0,92
BRDA:53,3,1,92
BRDA:54,4,0,10
BRDA:54,4,1,5
BRDA:75,5,0,10
BRDA:75,5,1,55
BRDA:80,6,0,25
BRDA:80,6,1,30
BRDA:82,7,0,15
BRDA:82,7,1,25
BRF:14
BRH:14
end_of_record
TN:
SF:/Users/phil.booth/Code/boomcatch/src/index.js
FN:39,(anonymous_1)
FN:40,(anonymous_2)
FN:83,(anonymous_3)
FN:110,verifyOptions
FN:128,verifyOrigin
FN:134,(anonymous_6)
FN:142,verifyLog
FN:151,verifyMapperOptions
FN:156,verifyForwarderOptions
FN:174,verifyDirectory
FN:190,getWorkers
FN:194,getOption
FN:198,getLog
FN:202,createExceptionHandler
FN:206,handleException
FN:211,createSignalHandlers
FN:212,(anonymous_17)
FN:223,handleTerminalSignal
FN:228,createWorkers
FN:231,(anonymous_20)
FN:235,(anonymous_21)
FN:245,createServer
FN:271,getHost
FN:275,getPort
FN:279,getPath
FN:283,getReferer
FN:287,getLimit
FN:300,getOrigin
FN:304,getMaxSize
FN:308,getValidator
FN:312,getExtension
FN:326,(anonymous_32)
FN:334,getFilter
FN:338,getMapper
FN:342,getForwarder
FN:346,handleRequest
FN:372,logRequest
FN:381,getRequestPath
FN:387,getRemoteAddress
FN:391,(anonymous_40)
FN:403,checkRequest
FN:432,fail
FN:441,isValidContentType
FN:453,checkLimit
FN:472,getAccessControlOrigin
FN:484,contains
FN:485,(anonymous_47)
FN:490,receive
FN:502,send
FN:525,(anonymous_50)
FN:537,parseData
FN:558,normaliseData
FN:567,normaliseRtData
FN:598,getOptionalDatum
FN:604,getOptionalSum
FN:610,normaliseNavtimingData
FN:659,normaliseCategory
FN:670,normaliseTimestamps
FN:671,(anonymous_59)
FN:689,normaliseEvents
FN:690,(anonymous_61)
FN:715,normaliseDurations
FN:718,(anonymous_63)
FN:737,normaliseRestimingData
FN:740,(anonymous_65)
FN:753,pass
FNF:66
FNH:61
FNDA:336,(anonymous_1)
FNDA:46,(anonymous_2)
FNDA:246,(anonymous_3)
FNDA:121,verifyOptions
FNDA:112,verifyOrigin
FNDA:160,(anonymous_6)
FNDA:111,verifyLog
FNDA:103,verifyMapperOptions
FNDA:103,verifyForwarderOptions
FNDA:0,verifyDirectory
FNDA:228,getWorkers
FNDA:2843,getOption
FNDA:228,getLog
FNDA:228,createExceptionHandler
FNDA:0,handleException
FNDA:11,createSignalHandlers
FNDA:33,(anonymous_17)
FNDA:0,handleTerminalSignal
FNDA:11,createWorkers
FNDA:0,(anonymous_20)
FNDA:2,(anonymous_21)
FNDA:217,createServer
FNDA:217,getHost
FNDA:217,getPort
FNDA:217,getPath
FNDA:217,getReferer
FNDA:217,getLimit
FNDA:217,getOrigin
FNDA:217,getMaxSize
FNDA:217,getValidator
FNDA:868,getExtension
FNDA:217,(anonymous_32)
FNDA:217,getFilter
FNDA:217,getMapper
FNDA:217,getForwarder
FNDA:242,handleRequest
FNDA:242,logRequest
FNDA:242,getRequestPath
FNDA:242,getRemoteAddress
FNDA:42,(anonymous_40)
FNDA:242,checkRequest
FNDA:84,fail
FNDA:69,isValidContentType
FNDA:218,checkLimit
FNDA:197,getAccessControlOrigin
FNDA:22,contains
FNDA:44,(anonymous_47)
FNDA:55,receive
FNDA:86,send
FNDA:15,(anonymous_50)
FNDA:84,parseData
FNDA:71,normaliseData
FNDA:71,normaliseRtData
FNDA:142,getOptionalDatum
FNDA:71,getOptionalSum
FNDA:71,normaliseNavtimingData
FNDA:91,normaliseCategory
FNDA:91,normaliseTimestamps
FNDA:199,(anonymous_59)
FNDA:32,normaliseEvents
FNDA:176,(anonymous_61)
FNDA:25,normaliseDurations
FNDA:0,(anonymous_63)
FNDA:71,normaliseRestimingData
FNDA:20,(anonymous_65)
FNDA:9,pass
DA:22,249
DA:83,249
DA:84,246
DA:86,246
DA:87,121
DA:89,125
DA:92,228
DA:93,228
DA:95,228
DA:97,228
DA:98,11
DA:100,11
DA:102,11
DA:103,11
DA:107,217
DA:110,1
DA:111,121
DA:112,120
DA:113,119
DA:114,118
DA:115,117
DA:116,116
DA:117,115
DA:118,114
DA:119,113
DA:121,112
DA:122,111
DA:124,103
DA:125,103
DA:128,1
DA:129,112
DA:130,10
DA:131,10
DA:133,102
DA:134,80
DA:135,160
DA:137,22
DA:138,0
DA:142,1
DA:143,111
DA:145,104
DA:146,82
DA:147,81
DA:151,1
DA:152,103
DA:153,103
DA:156,1
DA:157,103
DA:159,103
DA:161,0
DA:162,0
DA:164,0
DA:165,0
DA:166,0
DA:168,103
DA:169,103
DA:170,103
DA:174,1
DA:175,0
DA:177,0
DA:179,0
DA:180,0
DA:182,0
DA:183,0
DA:187,0
DA:190,1
DA:191,228
DA:194,1
DA:195,2843
DA:198,1
DA:199,228
DA:202,1
DA:203,228
DA:206,1
DA:207,0
DA:208,0
DA:211,1
DA:212,11
DA:213,33
DA:217,249
DA:223,1
DA:224,0
DA:225,0
DA:228,1
DA:229,11
DA:231,11
DA:232,0
DA:235,11
DA:236,2
DA:237,2
DA:240,11
DA:241,22
DA:245,1
DA:246,217
DA:248,217
DA:249,217
DA:250,217
DA:252,217
DA:254,217
DA:271,1
DA:272,217
DA:275,1
DA:276,217
DA:279,1
DA:280,217
DA:283,1
DA:284,217
DA:287,1
DA:288,217
DA:290,217
DA:291,136
DA:294,81
DA:300,1
DA:301,217
DA:304,1
DA:305,217
DA:308,1
DA:309,217
DA:312,1
DA:313,868
DA:315,868
DA:317,868
DA:318,868
DA:320,0
DA:323,868
DA:325,868
DA:326,217
DA:327,217
DA:331,868
DA:334,1
DA:335,217
DA:338,1
DA:339,217
DA:342,1
DA:343,217
DA:346,1
DA:347,242
DA:349,242
DA:351,242
DA:352,0
DA:355,242
DA:356,242
DA:358,242
DA:359,45
DA:362,197
DA:364,197
DA:368,197
DA:369,197
DA:372,1
DA:373,242
DA:381,1
DA:382,242
DA:384,242
DA:387,1
DA:388,242
DA:390,242
DA:391,42
DA:392,42
DA:395,42
DA:396,42
DA:400,200
DA:403,1
DA:404,242
DA:405,5
DA:406,5
DA:409,237
DA:410,7
DA:411,7
DA:414,230
DA:415,6
DA:416,6
DA:419,224
DA:420,6
DA:421,6
DA:424,218
DA:425,21
DA:426,21
DA:429,197
DA:432,1
DA:433,84
DA:435,84
DA:436,84
DA:437,84
DA:438,84
DA:441,1
DA:442,69
DA:443,6
DA:446,63
DA:447,57
DA:450,6
DA:453,1
DA:454,218
DA:456,218
DA:457,106
DA:460,112
DA:461,112
DA:463,112
DA:464,21
DA:467,91
DA:469,91
DA:472,1
DA:473,197
DA:474,91
DA:475,22
DA:478,69
DA:481,106
DA:484,1
DA:485,22
DA:486,44
DA:490,1
DA:491,55
DA:495,13
DA:496,13
DA:499,42
DA:502,1
DA:503,86
DA:505,86
DA:506,2
DA:509,84
DA:510,84
DA:511,77
DA:512,77
DA:514,77
DA:515,6
DA:518,71
DA:519,71
DA:520,7
DA:523,64
DA:525,64
DA:526,15
DA:527,6
DA:530,9
DA:533,20
DA:537,1
DA:538,84
DA:539,51
DA:540,51
DA:543,33
DA:545,33
DA:546,33
DA:549,33
DA:551,33
DA:552,12
DA:555,21
DA:558,1
DA:560,71
DA:567,1
DA:570,71
DA:572,71
DA:573,71
DA:574,71
DA:575,71
DA:577,71
DA:583,47
DA:598,1
DA:599,142
DA:600,46
DA:604,1
DA:605,71
DA:606,23
DA:610,1
DA:612,71
DA:614,71
DA:615,5
DA:618,71
DA:621,249
DA:659,1
DA:660,91
DA:661,91
DA:670,1
DA:671,91
DA:672,199
DA:674,199
DA:675,130
DA:678,199
DA:679,199
DA:681,140
DA:682,130
DA:685,140
DA:689,1
DA:690,32
DA:691,176
DA:693,176
DA:694,129
DA:695,129
DA:698,176
DA:699,176
DA:700,169
DA:701,169
DA:702,169
DA:704,169
DA:705,129
DA:711,169
DA:715,1
DA:716,25
DA:718,25
DA:719,0
DA:721,0
DA:722,0
DA:725,0
DA:726,0
DA:727,0
DA:729,0
DA:730,0
DA:733,0
DA:737,1
DA:739,71
DA:740,10
DA:741,20
DA:743,20
DA:744,20
DA:745,20
DA:748,20
DA:753,1
DA:754,9
DA:756,9
DA:757,9
LF:317
LH:288
BRDA:86,1,0,121
BRDA:86,1,1,125
BRDA:97,2,0,11
BRDA:97,2,1,217
BRDA:102,3,0,11
BRDA:102,3,1,0
BRDA:129,4,0,10
BRDA:129,4,1,102
BRDA:130,5,0,10
BRDA:130,5,1,0
BRDA:130,6,0,10
BRDA:130,6,1,10
BRDA:133,7,0,80
BRDA:133,7,1,22
BRDA:137,8,0,0
BRDA:137,8,1,22
BRDA:145,9,0,82
BRDA:145,9,1,22
BRDA:159,10,0,0
BRDA:159,10,1,0
BRDA:159,10,2,103
BRDA:179,11,0,0
BRDA:179,11,1,0
BRDA:182,12,0,0
BRDA:182,12,1,0
BRDA:195,13,0,2843
BRDA:195,13,1,1769
BRDA:236,14,0,2
BRDA:236,14,1,2
BRDA:290,15,0,136
BRDA:290,15,1,81
BRDA:325,16,0,217
BRDA:325,16,1,651
BRDA:351,17,0,0
BRDA:351,17,1,242
BRDA:358,18,0,45
BRDA:358,18,1,197
BRDA:374,19,0,242
BRDA:374,19,1,21
BRDA:375,20,0,242
BRDA:375,20,1,200
BRDA:384,21,0,63
BRDA:384,21,1,179
BRDA:390,22,0,42
BRDA:390,22,1,200
BRDA:395,23,0,42
BRDA:395,23,1,0
BRDA:404,24,0,5
BRDA:404,24,1,237
BRDA:404,25,0,242
BRDA:404,25,1,68
BRDA:409,26,0,7
BRDA:409,26,1,230
BRDA:414,27,0,6
BRDA:414,27,1,224
BRDA:414,28,0,230
BRDA:414,28,1,221
BRDA:419,29,0,6
BRDA:419,29,1,218
BRDA:419,30,0,224
BRDA:419,30,1,63
BRDA:424,31,0,21
BRDA:424,31,1,197
BRDA:442,32,0,6
BRDA:442,32,1,63
BRDA:446,33,0,57
BRDA:446,33,1,6
BRDA:446,34,0,63
BRDA:446,34,1,24
BRDA:456,35,0,106
BRDA:456,35,1,112
BRDA:463,36,0,21
BRDA:463,36,1,91
BRDA:463,37,0,112
BRDA:463,37,1,21
BRDA:473,38,0,91
BRDA:473,38,1,106
BRDA:474,39,0,22
BRDA:474,39,1,69
BRDA:474,40,0,91
BRDA:474,40,1,22
BRDA:486,41,0,44
BRDA:486,41,1,44
BRDA:491,42,0,13
BRDA:491,42,1,42
BRDA:492,43,0,55
BRDA:492,43,1,8
BRDA:492,43,2,47
BRDA:492,43,3,47
BRDA:492,43,4,16
BRDA:505,44,0,2
BRDA:505,44,1,84
BRDA:514,45,0,6
BRDA:514,45,1,71
BRDA:519,46,0,7
BRDA:519,46,1,64
BRDA:526,47,0,6
BRDA:526,47,1,9
BRDA:538,48,0,51
BRDA:538,48,1,33
BRDA:545,49,0,33
BRDA:545,49,1,0
BRDA:551,50,0,12
BRDA:551,50,1,21
BRDA:577,51,0,47
BRDA:577,51,1,24
BRDA:578,52,0,71
BRDA:578,52,1,71
BRDA:578,52,2,71
BRDA:578,52,3,71
BRDA:599,53,0,46
BRDA:599,53,1,96
BRDA:605,54,0,23
BRDA:605,54,1,48
BRDA:605,55,0,71
BRDA:605,55,1,23
BRDA:614,56,0,5
BRDA:614,56,1,66
BRDA:674,57,0,130
BRDA:674,57,1,69
BRDA:678,58,0,52
BRDA:678,58,1,147
BRDA:681,59,0,130
BRDA:681,59,1,10
BRDA:693,60,0,129
BRDA:693,60,1,47
BRDA:693,61,0,176
BRDA:693,61,1,136
BRDA:698,62,0,80
BRDA:698,62,1,96
BRDA:704,63,0,129
BRDA:704,63,1,40
BRDA:704,64,0,169
BRDA:704,64,1,129
BRDA:721,65,0,0
BRDA:721,65,1,0
BRDA:725,66,0,0
BRDA:725,66,1,0
BRDA:729,67,0,0
BRDA:729,67,1,0
BRDA:739,68,0,10
BRDA:739,68,1,61
BRDA:743,69,0,20
BRDA:743,69,1,0
BRF:144
BRH:125
end_of_record
TN:
SF:/Users/phil.booth/Code/boomcatch/src/mappers/har.js
FN:29,(anonymous_1)
FN:37,map
FN:58,getBrowser
FN:67,getPages
FN:78,getTime
FN:84,getPageTimings
FN:91,getEntries
FN:92,(anonymous_8)
FN:98,(anonymous_9)
FN:113,getRequest
FN:126,getQueryString
FN:129,(anonymous_12)
FN:137,getResponse
FN:151,getContent
FN:158,getCache
FN:162,getTimings
FN:177,getOptionalEventDuration
FN:187,getOptionalEventDifference
FNF:18
FNH:18
FNDA:46,(anonymous_1)
FNDA:42,map
FNDA:34,getBrowser
FNDA:34,getPages
FNDA:93,getTime
FNDA:34,getPageTimings
FNDA:34,getEntries
FNDA:59,(anonymous_8)
FNDA:413,(anonymous_9)
FNDA:59,getRequest
FNDA:59,getQueryString
FNDA:93,(anonymous_12)
FNDA:59,getResponse
FNDA:59,getContent
FNDA:59,getCache
FNDA:59,getTimings
FNDA:177,getOptionalEventDuration
FNDA:118,getOptionalEventDifference
DA:22,50
DA:28,50
DA:31,46
DA:33,46
DA:37,1
DA:38,42
DA:39,7
DA:42,34
DA:58,1
DA:59,34
DA:61,34
DA:67,1
DA:68,34
DA:78,1
DA:79,93
DA:80,93
DA:81,93
DA:84,1
DA:85,34
DA:91,1
DA:92,34
DA:93,59
DA:95,59
DA:99,413
DA:100,154
DA:103,259
DA:113,1
DA:114,59
DA:126,1
DA:127,59
DA:129,59
DA:130,93
DA:137,1
DA:138,59
DA:151,1
DA:152,59
DA:158,1
DA:159,59
DA:162,1
DA:163,59
DA:177,1
DA:178,177
DA:180,177
DA:181,27
DA:184,150
DA:187,1
DA:188,118
DA:190,118
DA:191,118
DA:193,118
DA:194,18
DA:197,100
LF:52
LH:52
BRDA:38,1,0,7
BRDA:38,1,1,34
BRDA:38,2,0,42
BRDA:38,2,1,37
BRDA:52,3,0,34
BRDA:52,3,1,9
BRDA:72,4,0,34
BRDA:72,4,1,0
BRDA:99,5,0,154
BRDA:99,5,1,259
BRDA:99,6,0,413
BRDA:99,6,1,354
BRDA:180,7,0,27
BRDA:180,7,1,150
BRDA:193,8,0,18
BRDA:193,8,1,100
BRDA:193,9,0,118
BRDA:193,9,1,100
BRF:18
BRH:17
end_of_record
TN:
SF:/Users/phil.booth/Code/boomcatch/src/mappers/statsd.js
FN:25,(anonymous_1)
FN:31,normalisePrefix
FN:43,map
FN:46,(anonymous_4)
FN:63,mapRestimingMetrics
FN:64,(anonymous_6)
FN:74,base36Encode
FN:75,(anonymous_8)
FN:80,mapMetrics
FN:84,mapEvents
FN:85,(anonymous_11)
FN:96,mapMetric
FN:100,mapDurations
FN:101,(anonymous_14)
FNF:14
FNH:14
FNDA:12,(anonymous_1)
FNDA:11,normalisePrefix
FNDA:7,map
FNDA:6,(anonymous_4)
FNDA:1,mapRestimingMetrics
FNDA:2,(anonymous_6)
FNDA:4,base36Encode
FNDA:64,(anonymous_8)
FNDA:7,mapMetrics
FNDA:7,mapEvents
FNDA:16,(anonymous_11)
FNDA:22,mapMetric
FNDA:7,mapDurations
FNDA:6,(anonymous_14)
DA:22,1
DA:24,1
DA:26,12
DA:31,1
DA:32,11
DA:33,4
DA:34,2
DA:37,2
DA:40,7
DA:43,1
DA:44,7
DA:46,7
DA:47,6
DA:49,6
DA:50,1
DA:52,5
DA:55,6
DA:56,6
DA:60,6
DA:63,1
DA:64,1
DA:65,2
DA:74,1
DA:75,4
DA:76,64
DA:80,1
DA:81,7
DA:84,1
DA:85,7
DA:86,16
DA:88,16
DA:89,16
DA:92,0
DA:96,1
DA:97,22
DA:100,1
DA:101,7
DA:102,6
DA:104,6
DA:105,6
DA:108,0
LF:41
LH:39
BRDA:32,1,0,4
BRDA:32,1,1,7
BRDA:33,2,0,2
BRDA:33,2,1,2
BRDA:49,3,0,1
BRDA:49,3,1,5
BRDA:55,4,0,6
BRDA:55,4,1,0
BRDA:88,5,0,16
BRDA:88,5,1,0
BRDA:104,6,0,6
BRDA:104,6,1,0
BRF:12
BRH:9
end_of_record
TN:
SF:/Users/phil.booth/Code/boomcatch/src/mappers/waterfall.js
FN:23,(anonymous_1)
FN:28,map
FN:36,mapResource
FN:56,getResourceDuration
FN:66,mapEvent
FN:70,mapTiming
FN:82,mapRequestTiming
FNF:7
FNH:7
FNDA:28,(anonymous_1)
FNDA:26,map
FNDA:41,mapResource
FNDA:128,getResourceDuration
FNDA:164,mapEvent
FNDA:250,mapTiming
FNDA:41,mapRequestTiming
DA:22,1
DA:24,28
DA:28,1
DA:29,26
DA:30,25
DA:33,1
DA:36,1
DA:37,41
DA:56,1
DA:57,128
DA:59,128
DA:60,128
DA:63,0
DA:66,1
DA:67,164
DA:70,1
DA:71,250
DA:72,205
DA:79,45
DA:82,1
DA:83,41
DA:85,41
DA:86,32
DA:92,41
LF:24
LH:23
BRDA:29,1,0,25
BRDA:29,1,1,1
BRDA:59,2,0,128
BRDA:59,2,1,0
BRDA:71,3,0,205
BRDA:71,3,1,45
BRDA:85,4,0,32
BRDA:85,4,1,9
BRDA:85,5,0,41
BRDA:85,5,1,32
BRF:10
BRH:9
end_of_record
TN:
SF:/Users/phil.booth/Code/boomcatch/src/validators/permissive.js
FN:22,(anonymous_1)
FN:23,(anonymous_2)
FNF:2
FNH:2
FNDA:5,(anonymous_1)
FNDA:3,(anonymous_2)
DA:22,1
DA:23,5
LF:2
LH:2
BRF:0
BRH:0
end_of_record
